{"SourceName": "Microsoft-Windows-Sysmon", "ProviderGuid": "{5770385F-C22A-43E0-BF4C-06F5698FFBD9}", "Level": "4", "Keywords": "0x8000000000000000", "Channel": "Microsoft-Windows-Sysmon/Operational", "Hostname": "MXS01.azsentinel.local", "TimeCreated": "2021-03-14T01:40:15.274Z", "@timestamp": "2021-03-14T01:40:15.274Z", "EventID": 1, "Message": "Process Create:\r\nRuleName: -\r\nUtcTime: 2021-03-14 06:40:15.272\r\nProcessGuid: {6004D249-AFCF-604D-2827-000000000900}\r\nProcessId: 15300\r\nImage: C:\\Windows\\Microsoft.NET\\Framework64\\v4.0.30319\\cvtres.exe\r\nFileVersion: 14.10.25028.0 built by: VCTOOLSD15RTM\r\nDescription: Microsoft\u00ae Resource File To COFF Object Conversion Utility\r\nProduct: Microsoft\u00ae .NET Framework\r\nCompany: Microsoft Corporation\r\nOriginalFileName: CVTRES.EXE\r\nCommandLine: C:\\Windows\\Microsoft.NET\\Framework64\\v4.0.30319\\cvtres.exe /NOLOGO /READONLY /MACHINE:IX86 \"/OUT:C:\\Windows\\TEMP\\RES37C9.tmp\" \"C:\\Windows\\TEMP\\RES37C8.tmp\"\r\nCurrentDirectory: c:\\windows\\system32\\inetsrv\\\r\nUser: NT AUTHORITY\\SYSTEM\r\nLogonGuid: {6004D249-FD95-604C-E703-000000000000}\r\nLogonId: 0x3E7\r\nTerminalSessionId: 0\r\nIntegrityLevel: System\r\nHashes: SHA1=2A3249732F5AA4588A4A9895FFE217355041D663,MD5=C877CBB966EA5939AA2A17B6A5160950,SHA256=1FE531EAC592B480AA4BD16052B909C3431434F17E7AE163D248355558CE43A6,IMPHASH=55D76ADE7FFEA0F41FF2B55505C2B362\r\nParentProcessGuid: {6004D249-09DA-604D-8F19-000000000900}\r\nParentProcessId: 10844\r\nParentImage: C:\\Windows\\System32\\inetsrv\\w3wp.exe\r\nParentCommandLine: c:\\windows\\system32\\inetsrv\\w3wp.exe -ap \"MSExchangeOWAAppPool\" -v \"v4.0\" -c \"C:\\Program Files\\Microsoft\\Exchange Server\\V15\\bin\\GenericAppPoolConfigWithGCServerEnabledFalse.config\" -a \\\\.\\pipe\\iisipm8e72bd3c-90fe-435f-bda2-fdb8731bc136 -h \"C:\\inetpub\\temp\\apppools\\MSExchangeOWAAppPool\\MSExchangeOWAAppPool.config\" -w \"\" -m 0", "Task": "1", "RuleName": "-", "UtcTime": "2021-03-14 06:40:15.272", "ProcessGuid": "{6004D249-AFCF-604D-2827-000000000900}", "ProcessId": "15300", "Image": "C:\\Windows\\Microsoft.NET\\Framework64\\v4.0.30319\\cvtres.exe", "FileVersion": "14.10.25028.0 built by: VCTOOLSD15RTM", "Description": "Microsoft\u00ae Resource File To COFF Object Conversion Utility", "Product": "Microsoft\u00ae .NET Framework", "Company": "Microsoft Corporation", "OriginalFileName": "CVTRES.EXE", "CommandLine": "C:\\Windows\\Microsoft.NET\\Framework64\\v4.0.30319\\cvtres.exe /NOLOGO /READONLY /MACHINE:IX86 \"/OUT:C:\\Windows\\TEMP\\RES37C9.tmp\" \"C:\\Windows\\TEMP\\RES37C8.tmp\"", "CurrentDirectory": "c:\\windows\\system32\\inetsrv\\", "User": "NT AUTHORITY\\SYSTEM", "LogonGuid": "{6004D249-FD95-604C-E703-000000000000}", "LogonId": "0x3e7", "TerminalSessionId": "0", "IntegrityLevel": "System", "Hashes": "SHA1=2A3249732F5AA4588A4A9895FFE217355041D663,MD5=C877CBB966EA5939AA2A17B6A5160950,SHA256=1FE531EAC592B480AA4BD16052B909C3431434F17E7AE163D248355558CE43A6,IMPHASH=55D76ADE7FFEA0F41FF2B55505C2B362", "ParentProcessGuid": "{6004D249-09DA-604D-8F19-000000000900}", "ParentProcessId": "10844", "ParentImage": "C:\\Windows\\System32\\inetsrv\\w3wp.exe", "ParentCommandLine": "c:\\windows\\system32\\inetsrv\\w3wp.exe -ap \"MSExchangeOWAAppPool\" -v \"v4.0\" -c \"C:\\Program Files\\Microsoft\\Exchange Server\\V15\\bin\\GenericAppPoolConfigWithGCServerEnabledFalse.config\" -a \\\\.\\pipe\\iisipm8e72bd3c-90fe-435f-bda2-fdb8731bc136 -h \"C:\\inetpub\\temp\\apppools\\MSExchangeOWAAppPool\\MSExchangeOWAAppPool.config\" -w \"\" -m 0"}
{"SourceName": "Microsoft-Windows-Sysmon", "ProviderGuid": "{5770385F-C22A-43E0-BF4C-06F5698FFBD9}", "Level": "4", "Keywords": "0x8000000000000000", "Channel": "Microsoft-Windows-Sysmon/Operational", "Hostname": "MXS01.azsentinel.local", "TimeCreated": "2021-03-14T01:40:15.278Z", "@timestamp": "2021-03-14T01:40:15.278Z", "EventID": 1, "Message": "Process Create:\r\nRuleName: -\r\nUtcTime: 2021-03-14 06:40:15.277\r\nProcessGuid: {6004D249-AFCF-604D-2927-000000000900}\r\nProcessId: 21256\r\nImage: C:\\Windows\\System32\\conhost.exe\r\nFileVersion: 10.0.14393.0 (rs1_release.160715-1616)\r\nDescription: Console Window Host\r\nProduct: Microsoft\u00ae Windows\u00ae Operating System\r\nCompany: Microsoft Corporation\r\nOriginalFileName: CONHOST.EXE\r\nCommandLine: \\??\\C:\\Windows\\system32\\conhost.exe 0xffffffff -ForceV1\r\nCurrentDirectory: C:\\Windows\r\nUser: NT AUTHORITY\\SYSTEM\r\nLogonGuid: {6004D249-FD95-604C-E703-000000000000}\r\nLogonId: 0x3E7\r\nTerminalSessionId: 0\r\nIntegrityLevel: System\r\nHashes: SHA1=00667A0F0C0D5E9DA697E9FF54ECDDD449259354,MD5=D752C96401E2540A443C599154FC6FA9,SHA256=046F7A1B4DE67562547ED9A180A72F481FC41E803DE49A96D7D7C731964D53A0,IMPHASH=2C980A4DA7C717CC670CB9E1D2C4D733\r\nParentProcessGuid: {6004D249-AFCF-604D-2827-000000000900}\r\nParentProcessId: 15300\r\nParentImage: C:\\Windows\\Microsoft.NET\\Framework64\\v4.0.30319\\cvtres.exe\r\nParentCommandLine: C:\\Windows\\Microsoft.NET\\Framework64\\v4.0.30319\\cvtres.exe /NOLOGO /READONLY /MACHINE:IX86 \"/OUT:C:\\Windows\\TEMP\\RES37C9.tmp\" \"C:\\Windows\\TEMP\\RES37C8.tmp\"", "Task": "1", "RuleName": "-", "UtcTime": "2021-03-14 06:40:15.277", "ProcessGuid": "{6004D249-AFCF-604D-2927-000000000900}", "ProcessId": "21256", "Image": "C:\\Windows\\System32\\conhost.exe", "FileVersion": "10.0.14393.0 (rs1_release.160715-1616)", "Description": "Console Window Host", "Product": "Microsoft\u00ae Windows\u00ae Operating System", "Company": "Microsoft Corporation", "OriginalFileName": "CONHOST.EXE", "CommandLine": "\\??\\C:\\Windows\\system32\\conhost.exe 0xffffffff -ForceV1", "CurrentDirectory": "C:\\Windows", "User": "NT AUTHORITY\\SYSTEM", "LogonGuid": "{6004D249-FD95-604C-E703-000000000000}", "LogonId": "0x3e7", "TerminalSessionId": "0", "IntegrityLevel": "System", "Hashes": "SHA1=00667A0F0C0D5E9DA697E9FF54ECDDD449259354,MD5=D752C96401E2540A443C599154FC6FA9,SHA256=046F7A1B4DE67562547ED9A180A72F481FC41E803DE49A96D7D7C731964D53A0,IMPHASH=2C980A4DA7C717CC670CB9E1D2C4D733", "ParentProcessGuid": "{6004D249-AFCF-604D-2827-000000000900}", "ParentProcessId": "15300", "ParentImage": "C:\\Windows\\Microsoft.NET\\Framework64\\v4.0.30319\\cvtres.exe", "ParentCommandLine": "C:\\Windows\\Microsoft.NET\\Framework64\\v4.0.30319\\cvtres.exe /NOLOGO /READONLY /MACHINE:IX86 \"/OUT:C:\\Windows\\TEMP\\RES37C9.tmp\" \"C:\\Windows\\TEMP\\RES37C8.tmp\""}
{"SourceName": "Microsoft-Windows-Sysmon", "ProviderGuid": "{5770385F-C22A-43E0-BF4C-06F5698FFBD9}", "Level": "4", "Keywords": "0x8000000000000000", "Channel": "Microsoft-Windows-Sysmon/Operational", "Hostname": "MXS01.azsentinel.local", "TimeCreated": "2021-03-14T01:40:15.309Z", "@timestamp": "2021-03-14T01:40:15.309Z", "EventID": 11, "Message": "File created:\r\nRuleName: -\r\nUtcTime: 2021-03-14 06:40:15.299\r\nProcessGuid: {6004D249-09DA-604D-8F19-000000000900}\r\nProcessId: 10844\r\nImage: c:\\windows\\system32\\inetsrv\\w3wp.exe\r\nTargetFilename: C:\\Windows\\Microsoft.NET\\Framework64\\v4.0.30319\\Temporary ASP.NET Files\\owa\\8e05b027\\e164d61b\\App_Web_llfrjg0v.dll\r\nCreationUtcTime: 2021-03-14 06:40:15.299", "Task": "11", "RuleName": "-", "UtcTime": "2021-03-14 06:40:15.299", "ProcessGuid": "{6004D249-09DA-604D-8F19-000000000900}", "ProcessId": "10844", "Image": "c:\\windows\\system32\\inetsrv\\w3wp.exe", "TargetFilename": "C:\\Windows\\Microsoft.NET\\Framework64\\v4.0.30319\\Temporary ASP.NET Files\\owa\\8e05b027\\e164d61b\\App_Web_llfrjg0v.dll", "CreationUtcTime": "2021-03-14 06:40:15.299"}
{"SourceName": "Microsoft-Windows-Sysmon", "ProviderGuid": "{5770385F-C22A-43E0-BF4C-06F5698FFBD9}", "Level": "4", "Keywords": "0x8000000000000000", "Channel": "Microsoft-Windows-Sysmon/Operational", "Hostname": "MXS01.azsentinel.local", "TimeCreated": "2021-03-14T01:40:15.342Z", "@timestamp": "2021-03-14T01:40:15.342Z", "EventID": 1, "Message": "Process Create:\r\nRuleName: -\r\nUtcTime: 2021-03-14 06:40:15.338\r\nProcessGuid: {6004D249-AFCF-604D-2A27-000000000900}\r\nProcessId: 23392\r\nImage: C:\\Windows\\System32\\cmd.exe\r\nFileVersion: 10.0.14393.0 (rs1_release.160715-1616)\r\nDescription: Windows Command Processor\r\nProduct: Microsoft\u00ae Windows\u00ae Operating System\r\nCompany: Microsoft Corporation\r\nOriginalFileName: Cmd.Exe\r\nCommandLine: cmd /c whoami\r\nCurrentDirectory: c:\\windows\\system32\\inetsrv\\\r\nUser: NT AUTHORITY\\SYSTEM\r\nLogonGuid: {6004D249-FD95-604C-E703-000000000000}\r\nLogonId: 0x3E7\r\nTerminalSessionId: 0\r\nIntegrityLevel: System\r\nHashes: SHA1=99AE9C73E9BEE6F9C76D6F4093A9882DF06832CF,MD5=F4F684066175B77E0C3A000549D2922C,SHA256=935C1861DF1F4018D698E8B65ABFA02D7E9037D8F68CA3C2065B6CA165D44AD2,IMPHASH=3062ED732D4B25D1C64F084DAC97D37A\r\nParentProcessGuid: {6004D249-09DA-604D-8F19-000000000900}\r\nParentProcessId: 10844\r\nParentImage: C:\\Windows\\System32\\inetsrv\\w3wp.exe\r\nParentCommandLine: c:\\windows\\system32\\inetsrv\\w3wp.exe -ap \"MSExchangeOWAAppPool\" -v \"v4.0\" -c \"C:\\Program Files\\Microsoft\\Exchange Server\\V15\\bin\\GenericAppPoolConfigWithGCServerEnabledFalse.config\" -a \\\\.\\pipe\\iisipm8e72bd3c-90fe-435f-bda2-fdb8731bc136 -h \"C:\\inetpub\\temp\\apppools\\MSExchangeOWAAppPool\\MSExchangeOWAAppPool.config\" -w \"\" -m 0", "Task": "1", "RuleName": "-", "UtcTime": "2021-03-14 06:40:15.338", "ProcessGuid": "{6004D249-AFCF-604D-2A27-000000000900}", "ProcessId": "23392", "Image": "C:\\Windows\\System32\\cmd.exe", "FileVersion": "10.0.14393.0 (rs1_release.160715-1616)", "Description": "Windows Command Processor", "Product": "Microsoft\u00ae Windows\u00ae Operating System", "Company": "Microsoft Corporation", "OriginalFileName": "Cmd.Exe", "CommandLine": "cmd /c whoami", "CurrentDirectory": "c:\\windows\\system32\\inetsrv\\", "User": "NT AUTHORITY\\SYSTEM", "LogonGuid": "{6004D249-FD95-604C-E703-000000000000}", "LogonId": "0x3e7", "TerminalSessionId": "0", "IntegrityLevel": "System", "Hashes": "SHA1=99AE9C73E9BEE6F9C76D6F4093A9882DF06832CF,MD5=F4F684066175B77E0C3A000549D2922C,SHA256=935C1861DF1F4018D698E8B65ABFA02D7E9037D8F68CA3C2065B6CA165D44AD2,IMPHASH=3062ED732D4B25D1C64F084DAC97D37A", "ParentProcessGuid": "{6004D249-09DA-604D-8F19-000000000900}", "ParentProcessId": "10844", "ParentImage": "C:\\Windows\\System32\\inetsrv\\w3wp.exe", "ParentCommandLine": "c:\\windows\\system32\\inetsrv\\w3wp.exe -ap \"MSExchangeOWAAppPool\" -v \"v4.0\" -c \"C:\\Program Files\\Microsoft\\Exchange Server\\V15\\bin\\GenericAppPoolConfigWithGCServerEnabledFalse.config\" -a \\\\.\\pipe\\iisipm8e72bd3c-90fe-435f-bda2-fdb8731bc136 -h \"C:\\inetpub\\temp\\apppools\\MSExchangeOWAAppPool\\MSExchangeOWAAppPool.config\" -w \"\" -m 0"}
{"SourceName": "Microsoft-Windows-Sysmon", "ProviderGuid": "{5770385F-C22A-43E0-BF4C-06F5698FFBD9}", "Level": "4", "Keywords": "0x8000000000000000", "Channel": "Microsoft-Windows-Sysmon/Operational", "Hostname": "MXS01.azsentinel.local", "TimeCreated": "2021-03-14T01:40:15.347Z", "@timestamp": "2021-03-14T01:40:15.347Z", "EventID": 1, "Message": "Process Create:\r\nRuleName: -\r\nUtcTime: 2021-03-14 06:40:15.345\r\nProcessGuid: {6004D249-AFCF-604D-2B27-000000000900}\r\nProcessId: 19748\r\nImage: C:\\Windows\\System32\\cmd.exe\r\nFileVersion: 10.0.14393.0 (rs1_release.160715-1616)\r\nDescription: Windows Command Processor\r\nProduct: Microsoft\u00ae Windows\u00ae Operating System\r\nCompany: Microsoft Corporation\r\nOriginalFileName: Cmd.Exe\r\nCommandLine: cmd /c whoami\r\nCurrentDirectory: c:\\windows\\system32\\inetsrv\\\r\nUser: NT AUTHORITY\\SYSTEM\r\nLogonGuid: {6004D249-FD95-604C-E703-000000000000}\r\nLogonId: 0x3E7\r\nTerminalSessionId: 0\r\nIntegrityLevel: System\r\nHashes: SHA1=99AE9C73E9BEE6F9C76D6F4093A9882DF06832CF,MD5=F4F684066175B77E0C3A000549D2922C,SHA256=935C1861DF1F4018D698E8B65ABFA02D7E9037D8F68CA3C2065B6CA165D44AD2,IMPHASH=3062ED732D4B25D1C64F084DAC97D37A\r\nParentProcessGuid: {6004D249-09DA-604D-8F19-000000000900}\r\nParentProcessId: 10844\r\nParentImage: C:\\Windows\\System32\\inetsrv\\w3wp.exe\r\nParentCommandLine: c:\\windows\\system32\\inetsrv\\w3wp.exe -ap \"MSExchangeOWAAppPool\" -v \"v4.0\" -c \"C:\\Program Files\\Microsoft\\Exchange Server\\V15\\bin\\GenericAppPoolConfigWithGCServerEnabledFalse.config\" -a \\\\.\\pipe\\iisipm8e72bd3c-90fe-435f-bda2-fdb8731bc136 -h \"C:\\inetpub\\temp\\apppools\\MSExchangeOWAAppPool\\MSExchangeOWAAppPool.config\" -w \"\" -m 0", "Task": "1", "RuleName": "-", "UtcTime": "2021-03-14 06:40:15.345", "ProcessGuid": "{6004D249-AFCF-604D-2B27-000000000900}", "ProcessId": "19748", "Image": "C:\\Windows\\System32\\cmd.exe", "FileVersion": "10.0.14393.0 (rs1_release.160715-1616)", "Description": "Windows Command Processor", "Product": "Microsoft\u00ae Windows\u00ae Operating System", "Company": "Microsoft Corporation", "OriginalFileName": "Cmd.Exe", "CommandLine": "cmd /c whoami", "CurrentDirectory": "c:\\windows\\system32\\inetsrv\\", "User": "NT AUTHORITY\\SYSTEM", "LogonGuid": "{6004D249-FD95-604C-E703-000000000000}", "LogonId": "0x3e7", "TerminalSessionId": "0", "IntegrityLevel": "System", "Hashes": "SHA1=99AE9C73E9BEE6F9C76D6F4093A9882DF06832CF,MD5=F4F684066175B77E0C3A000549D2922C,SHA256=935C1861DF1F4018D698E8B65ABFA02D7E9037D8F68CA3C2065B6CA165D44AD2,IMPHASH=3062ED732D4B25D1C64F084DAC97D37A", "ParentProcessGuid": "{6004D249-09DA-604D-8F19-000000000900}", "ParentProcessId": "10844", "ParentImage": "C:\\Windows\\System32\\inetsrv\\w3wp.exe", "ParentCommandLine": "c:\\windows\\system32\\inetsrv\\w3wp.exe -ap \"MSExchangeOWAAppPool\" -v \"v4.0\" -c \"C:\\Program Files\\Microsoft\\Exchange Server\\V15\\bin\\GenericAppPoolConfigWithGCServerEnabledFalse.config\" -a \\\\.\\pipe\\iisipm8e72bd3c-90fe-435f-bda2-fdb8731bc136 -h \"C:\\inetpub\\temp\\apppools\\MSExchangeOWAAppPool\\MSExchangeOWAAppPool.config\" -w \"\" -m 0"}
{"SourceName": "Microsoft-Windows-Sysmon", "ProviderGuid": "{5770385F-C22A-43E0-BF4C-06F5698FFBD9}", "Level": "4", "Keywords": "0x8000000000000000", "Channel": "Microsoft-Windows-Sysmon/Operational", "Hostname": "MXS01.azsentinel.local", "TimeCreated": "2021-03-14T01:40:15.347Z", "@timestamp": "2021-03-14T01:40:15.347Z", "EventID": 1, "Message": "Process Create:\r\nRuleName: -\r\nUtcTime: 2021-03-14 06:40:15.346\r\nProcessGuid: {6004D249-AFCF-604D-2C27-000000000900}\r\nProcessId: 22156\r\nImage: C:\\Windows\\System32\\conhost.exe\r\nFileVersion: 10.0.14393.0 (rs1_release.160715-1616)\r\nDescription: Console Window Host\r\nProduct: Microsoft\u00ae Windows\u00ae Operating System\r\nCompany: Microsoft Corporation\r\nOriginalFileName: CONHOST.EXE\r\nCommandLine: \\??\\C:\\Windows\\system32\\conhost.exe 0xffffffff -ForceV1\r\nCurrentDirectory: C:\\Windows\r\nUser: NT AUTHORITY\\SYSTEM\r\nLogonGuid: {6004D249-FD95-604C-E703-000000000000}\r\nLogonId: 0x3E7\r\nTerminalSessionId: 0\r\nIntegrityLevel: System\r\nHashes: SHA1=00667A0F0C0D5E9DA697E9FF54ECDDD449259354,MD5=D752C96401E2540A443C599154FC6FA9,SHA256=046F7A1B4DE67562547ED9A180A72F481FC41E803DE49A96D7D7C731964D53A0,IMPHASH=2C980A4DA7C717CC670CB9E1D2C4D733\r\nParentProcessGuid: {6004D249-AFCF-604D-2A27-000000000900}\r\nParentProcessId: 23392\r\nParentImage: C:\\Windows\\System32\\cmd.exe\r\nParentCommandLine: cmd /c whoami", "Task": "1", "RuleName": "-", "UtcTime": "2021-03-14 06:40:15.346", "ProcessGuid": "{6004D249-AFCF-604D-2C27-000000000900}", "ProcessId": "22156", "Image": "C:\\Windows\\System32\\conhost.exe", "FileVersion": "10.0.14393.0 (rs1_release.160715-1616)", "Description": "Console Window Host", "Product": "Microsoft\u00ae Windows\u00ae Operating System", "Company": "Microsoft Corporation", "OriginalFileName": "CONHOST.EXE", "CommandLine": "\\??\\C:\\Windows\\system32\\conhost.exe 0xffffffff -ForceV1", "CurrentDirectory": "C:\\Windows", "User": "NT AUTHORITY\\SYSTEM", "LogonGuid": "{6004D249-FD95-604C-E703-000000000000}", "LogonId": "0x3e7", "TerminalSessionId": "0", "IntegrityLevel": "System", "Hashes": "SHA1=00667A0F0C0D5E9DA697E9FF54ECDDD449259354,MD5=D752C96401E2540A443C599154FC6FA9,SHA256=046F7A1B4DE67562547ED9A180A72F481FC41E803DE49A96D7D7C731964D53A0,IMPHASH=2C980A4DA7C717CC670CB9E1D2C4D733", "ParentProcessGuid": "{6004D249-AFCF-604D-2A27-000000000900}", "ParentProcessId": "23392", "ParentImage": "C:\\Windows\\System32\\cmd.exe", "ParentCommandLine": "cmd /c whoami"}
{"SourceName": "Microsoft-Windows-Sysmon", "ProviderGuid": "{5770385F-C22A-43E0-BF4C-06F5698FFBD9}", "Level": "4", "Keywords": "0x8000000000000000", "Channel": "Microsoft-Windows-Sysmon/Operational", "Hostname": "MXS01.azsentinel.local", "TimeCreated": "2021-03-14T01:40:15.350Z", "@timestamp": "2021-03-14T01:40:15.350Z", "EventID": 1, "Message": "Process Create:\r\nRuleName: -\r\nUtcTime: 2021-03-14 06:40:15.349\r\nProcessGuid: {6004D249-AFCF-604D-2D27-000000000900}\r\nProcessId: 14796\r\nImage: C:\\Windows\\System32\\conhost.exe\r\nFileVersion: 10.0.14393.0 (rs1_release.160715-1616)\r\nDescription: Console Window Host\r\nProduct: Microsoft\u00ae Windows\u00ae Operating System\r\nCompany: Microsoft Corporation\r\nOriginalFileName: CONHOST.EXE\r\nCommandLine: \\??\\C:\\Windows\\system32\\conhost.exe 0xffffffff -ForceV1\r\nCurrentDirectory: C:\\Windows\r\nUser: NT AUTHORITY\\SYSTEM\r\nLogonGuid: {6004D249-FD95-604C-E703-000000000000}\r\nLogonId: 0x3E7\r\nTerminalSessionId: 0\r\nIntegrityLevel: System\r\nHashes: SHA1=00667A0F0C0D5E9DA697E9FF54ECDDD449259354,MD5=D752C96401E2540A443C599154FC6FA9,SHA256=046F7A1B4DE67562547ED9A180A72F481FC41E803DE49A96D7D7C731964D53A0,IMPHASH=2C980A4DA7C717CC670CB9E1D2C4D733\r\nParentProcessGuid: {6004D249-AFCF-604D-2B27-000000000900}\r\nParentProcessId: 19748\r\nParentImage: C:\\Windows\\System32\\cmd.exe\r\nParentCommandLine: cmd /c whoami", "Task": "1", "RuleName": "-", "UtcTime": "2021-03-14 06:40:15.349", "ProcessGuid": "{6004D249-AFCF-604D-2D27-000000000900}", "ProcessId": "14796", "Image": "C:\\Windows\\System32\\conhost.exe", "FileVersion": "10.0.14393.0 (rs1_release.160715-1616)", "Description": "Console Window Host", "Product": "Microsoft\u00ae Windows\u00ae Operating System", "Company": "Microsoft Corporation", "OriginalFileName": "CONHOST.EXE", "CommandLine": "\\??\\C:\\Windows\\system32\\conhost.exe 0xffffffff -ForceV1", "CurrentDirectory": "C:\\Windows", "User": "NT AUTHORITY\\SYSTEM", "LogonGuid": "{6004D249-FD95-604C-E703-000000000000}", "LogonId": "0x3e7", "TerminalSessionId": "0", "IntegrityLevel": "System", "Hashes": "SHA1=00667A0F0C0D5E9DA697E9FF54ECDDD449259354,MD5=D752C96401E2540A443C599154FC6FA9,SHA256=046F7A1B4DE67562547ED9A180A72F481FC41E803DE49A96D7D7C731964D53A0,IMPHASH=2C980A4DA7C717CC670CB9E1D2C4D733", "ParentProcessGuid": "{6004D249-AFCF-604D-2B27-000000000900}", "ParentProcessId": "19748", "ParentImage": "C:\\Windows\\System32\\cmd.exe", "ParentCommandLine": "cmd /c whoami"}
{"SourceName": "Microsoft-Windows-Sysmon", "ProviderGuid": "{5770385F-C22A-43E0-BF4C-06F5698FFBD9}", "Level": "4", "Keywords": "0x8000000000000000", "Channel": "Microsoft-Windows-Sysmon/Operational", "Hostname": "MXS01.azsentinel.local", "TimeCreated": "2021-03-14T01:40:15.369Z", "@timestamp": "2021-03-14T01:40:15.369Z", "EventID": 1, "Message": "Process Create:\r\nRuleName: -\r\nUtcTime: 2021-03-14 06:40:15.367\r\nProcessGuid: {6004D249-AFCF-604D-2E27-000000000900}\r\nProcessId: 22192\r\nImage: C:\\Windows\\System32\\whoami.exe\r\nFileVersion: 10.0.14393.0 (rs1_release.160715-1616)\r\nDescription: whoami - displays logged on user information\r\nProduct: Microsoft\u00ae Windows\u00ae Operating System\r\nCompany: Microsoft Corporation\r\nOriginalFileName: whoami.exe\r\nCommandLine: whoami\r\nCurrentDirectory: c:\\windows\\system32\\inetsrv\\\r\nUser: NT AUTHORITY\\SYSTEM\r\nLogonGuid: {6004D249-FD95-604C-E703-000000000000}\r\nLogonId: 0x3E7\r\nTerminalSessionId: 0\r\nIntegrityLevel: System\r\nHashes: SHA1=9746E91BFC629D3A2E1FE6289B549C0452702004,MD5=AA1E17EA3DB5CD9D8BC061CAEC74C6E8,SHA256=8ECFFCCE38D4EE87ABAEE6CBE843D94D4F8FB98FAB3C356C7F6B70E60B10F88A,IMPHASH=E24E330FA9663CE77F2031CACAEB3DF9\r\nParentProcessGuid: {6004D249-AFCF-604D-2A27-000000000900}\r\nParentProcessId: 23392\r\nParentImage: C:\\Windows\\System32\\cmd.exe\r\nParentCommandLine: cmd /c whoami", "Task": "1", "RuleName": "-", "UtcTime": "2021-03-14 06:40:15.367", "ProcessGuid": "{6004D249-AFCF-604D-2E27-000000000900}", "ProcessId": "22192", "Image": "C:\\Windows\\System32\\whoami.exe", "FileVersion": "10.0.14393.0 (rs1_release.160715-1616)", "Description": "whoami - displays logged on user information", "Product": "Microsoft\u00ae Windows\u00ae Operating System", "Company": "Microsoft Corporation", "OriginalFileName": "whoami.exe", "CommandLine": "whoami", "CurrentDirectory": "c:\\windows\\system32\\inetsrv\\", "User": "NT AUTHORITY\\SYSTEM", "LogonGuid": "{6004D249-FD95-604C-E703-000000000000}", "LogonId": "0x3e7", "TerminalSessionId": "0", "IntegrityLevel": "System", "Hashes": "SHA1=9746E91BFC629D3A2E1FE6289B549C0452702004,MD5=AA1E17EA3DB5CD9D8BC061CAEC74C6E8,SHA256=8ECFFCCE38D4EE87ABAEE6CBE843D94D4F8FB98FAB3C356C7F6B70E60B10F88A,IMPHASH=E24E330FA9663CE77F2031CACAEB3DF9", "ParentProcessGuid": "{6004D249-AFCF-604D-2A27-000000000900}", "ParentProcessId": "23392", "ParentImage": "C:\\Windows\\System32\\cmd.exe", "ParentCommandLine": "cmd /c whoami"}
{"SourceName": "Microsoft-Windows-Sysmon", "ProviderGuid": "{5770385F-C22A-43E0-BF4C-06F5698FFBD9}", "Level": "4", "Keywords": "0x8000000000000000", "Channel": "Microsoft-Windows-Sysmon/Operational", "Hostname": "MXS01.azsentinel.local", "TimeCreated": "2021-03-14T01:40:15.370Z", "@timestamp": "2021-03-14T01:40:15.370Z", "EventID": 1, "Message": "Process Create:\r\nRuleName: -\r\nUtcTime: 2021-03-14 06:40:15.370\r\nProcessGuid: {6004D249-AFCF-604D-2F27-000000000900}\r\nProcessId: 26616\r\nImage: C:\\Windows\\System32\\whoami.exe\r\nFileVersion: 10.0.14393.0 (rs1_release.160715-1616)\r\nDescription: whoami - displays logged on user information\r\nProduct: Microsoft\u00ae Windows\u00ae Operating System\r\nCompany: Microsoft Corporation\r\nOriginalFileName: whoami.exe\r\nCommandLine: whoami\r\nCurrentDirectory: c:\\windows\\system32\\inetsrv\\\r\nUser: NT AUTHORITY\\SYSTEM\r\nLogonGuid: {6004D249-FD95-604C-E703-000000000000}\r\nLogonId: 0x3E7\r\nTerminalSessionId: 0\r\nIntegrityLevel: System\r\nHashes: SHA1=9746E91BFC629D3A2E1FE6289B549C0452702004,MD5=AA1E17EA3DB5CD9D8BC061CAEC74C6E8,SHA256=8ECFFCCE38D4EE87ABAEE6CBE843D94D4F8FB98FAB3C356C7F6B70E60B10F88A,IMPHASH=E24E330FA9663CE77F2031CACAEB3DF9\r\nParentProcessGuid: {6004D249-AFCF-604D-2B27-000000000900}\r\nParentProcessId: 19748\r\nParentImage: C:\\Windows\\System32\\cmd.exe\r\nParentCommandLine: cmd /c whoami", "Task": "1", "RuleName": "-", "UtcTime": "2021-03-14 06:40:15.370", "ProcessGuid": "{6004D249-AFCF-604D-2F27-000000000900}", "ProcessId": "26616", "Image": "C:\\Windows\\System32\\whoami.exe", "FileVersion": "10.0.14393.0 (rs1_release.160715-1616)", "Description": "whoami - displays logged on user information", "Product": "Microsoft\u00ae Windows\u00ae Operating System", "Company": "Microsoft Corporation", "OriginalFileName": "whoami.exe", "CommandLine": "whoami", "CurrentDirectory": "c:\\windows\\system32\\inetsrv\\", "User": "NT AUTHORITY\\SYSTEM", "LogonGuid": "{6004D249-FD95-604C-E703-000000000000}", "LogonId": "0x3e7", "TerminalSessionId": "0", "IntegrityLevel": "System", "Hashes": "SHA1=9746E91BFC629D3A2E1FE6289B549C0452702004,MD5=AA1E17EA3DB5CD9D8BC061CAEC74C6E8,SHA256=8ECFFCCE38D4EE87ABAEE6CBE843D94D4F8FB98FAB3C356C7F6B70E60B10F88A,IMPHASH=E24E330FA9663CE77F2031CACAEB3DF9", "ParentProcessGuid": "{6004D249-AFCF-604D-2B27-000000000900}", "ParentProcessId": "19748", "ParentImage": "C:\\Windows\\System32\\cmd.exe", "ParentCommandLine": "cmd /c whoami"}
